{"C:\\Users\\smnam\\OneDrive\\Desktop\\sw cons prj\\restaurant-reservation-system\\backend\\src\\app.controller.ts": {"path":"C:\\Users\\smnam\\OneDrive\\Desktop\\sw cons prj\\restaurant-reservation-system\\backend\\src\\app.controller.ts","statementMap":{"0":{"start":{"line":1,"column":0},"end":{"line":1,"column":49}},"1":{"start":{"line":2,"column":0},"end":{"line":2,"column":43}},"2":{"start":{"line":5,"column":7},"end":{"line":12,"column":null}},"3":{"start":{"line":6,"column":31},"end":{"line":6,"column":43}},"4":{"start":{"line":10,"column":4},"end":{"line":10,"column":38}},"5":{"start":{"line":5,"column":13},"end":{"line":5,"column":26}},"6":{"start":{"line":9,"column":2},"end":{"line":11,"column":null}},"7":{"start":{"line":5,"column":13},"end":{"line":12,"column":null}}},"fnMap":{"0":{"name":"(anonymous_2)","decl":{"start":{"line":6,"column":2},"end":{"line":6,"column":31}},"loc":{"start":{"line":6,"column":53},"end":{"line":6,"column":57}}},"1":{"name":"(anonymous_3)","decl":{"start":{"line":9,"column":2},"end":{"line":9,"column":10}},"loc":{"start":{"line":9,"column":10},"end":{"line":11,"column":3}}}},"branchMap":{"0":{"loc":{"start":{"line":6,"column":43},"end":{"line":6,"column":56}},"type":"cond-expr","locations":[{"start":{"line":6,"column":53},"end":{"line":6,"column":56}},{"start":{"line":6,"column":53},"end":{"line":6,"column":56}}]},"1":{"loc":{"start":{"line":6,"column":43},"end":{"line":6,"column":53}},"type":"binary-expr","locations":[{"start":{"line":6,"column":43},"end":{"line":6,"column":56}},{"start":{"line":6,"column":43},"end":{"line":6,"column":53}}]}},"s":{"0":1,"1":1,"2":1,"3":1,"4":1,"5":1,"6":1,"7":1},"f":{"0":1,"1":1},"b":{"0":[1,0],"1":[1,1]}}
,"C:\\Users\\smnam\\OneDrive\\Desktop\\sw cons prj\\restaurant-reservation-system\\backend\\src\\app.service.ts": {"path":"C:\\Users\\smnam\\OneDrive\\Desktop\\sw cons prj\\restaurant-reservation-system\\backend\\src\\app.service.ts","statementMap":{"0":{"start":{"line":1,"column":0},"end":{"line":1,"column":44}},"1":{"start":{"line":4,"column":7},"end":{"line":8,"column":null}},"2":{"start":{"line":6,"column":4},"end":{"line":6,"column":26}},"3":{"start":{"line":4,"column":13},"end":{"line":4,"column":23}},"4":{"start":{"line":4,"column":13},"end":{"line":8,"column":null}}},"fnMap":{"0":{"name":"(anonymous_1)","decl":{"start":{"line":5,"column":2},"end":{"line":5,"column":10}},"loc":{"start":{"line":5,"column":10},"end":{"line":7,"column":3}}}},"branchMap":{},"s":{"0":1,"1":1,"2":1,"3":1,"4":1},"f":{"0":1},"b":{}}
,"C:\\Users\\smnam\\OneDrive\\Desktop\\sw cons prj\\restaurant-reservation-system\\backend\\src\\main.ts": {"path":"C:\\Users\\smnam\\OneDrive\\Desktop\\sw cons prj\\restaurant-reservation-system\\backend\\src\\main.ts","statementMap":{"0":{"start":{"line":1,"column":0},"end":{"line":1,"column":43}},"1":{"start":{"line":2,"column":0},"end":{"line":2,"column":41}},"2":{"start":{"line":4,"column":0},"end":{"line":4,"column":48}},"3":{"start":{"line":5,"column":0},"end":{"line":5,"column":41}},"4":{"start":{"line":9,"column":14},"end":{"line":9,"column":49}},"5":{"start":{"line":11,"column":2},"end":{"line":11,"column":26}},"6":{"start":{"line":13,"column":2},"end":{"line":18,"column":4}},"7":{"start":{"line":20,"column":2},"end":{"line":26,"column":5}},"8":{"start":{"line":28,"column":2},"end":{"line":28,"column":25}},"9":{"start":{"line":31,"column":0},"end":{"line":31,"column":17}}},"fnMap":{"0":{"name":"bootstrap","decl":{"start":{"line":8,"column":15},"end":{"line":8,"column":24}},"loc":{"start":{"line":8,"column":24},"end":{"line":29,"column":1}}}},"branchMap":{},"s":{"0":0,"1":0,"2":0,"3":0,"4":0,"5":0,"6":0,"7":0,"8":0,"9":0},"f":{"0":0},"b":{}}
,"C:\\Users\\smnam\\OneDrive\\Desktop\\sw cons prj\\restaurant-reservation-system\\backend\\src\\seed-admin.ts": {"path":"C:\\Users\\smnam\\OneDrive\\Desktop\\sw cons prj\\restaurant-reservation-system\\backend\\src\\seed-admin.ts","statementMap":{"0":{"start":{"line":1,"column":0},"end":{"line":1,"column":38}},"1":{"start":{"line":2,"column":0},"end":{"line":2,"column":33}},"2":{"start":{"line":6,"column":4},"end":{"line":6,"column":67}},"3":{"start":{"line":7,"column":17},"end":{"line":7,"column":37}},"4":{"start":{"line":9,"column":2},"end":{"line":49,"column":3}},"5":{"start":{"line":10,"column":4},"end":{"line":10,"column":27}},"6":{"start":{"line":11,"column":4},"end":{"line":11,"column":40}},"7":{"start":{"line":13,"column":15},"end":{"line":13,"column":26}},"8":{"start":{"line":14,"column":28},"end":{"line":14,"column":50}},"9":{"start":{"line":17,"column":26},"end":{"line":19,"column":6}},"10":{"start":{"line":21,"column":4},"end":{"line":24,"column":5}},"11":{"start":{"line":22,"column":6},"end":{"line":22,"column":48}},"12":{"start":{"line":23,"column":6},"end":{"line":23,"column":13}},"13":{"start":{"line":27,"column":27},"end":{"line":27,"column":61}},"14":{"start":{"line":30,"column":22},"end":{"line":37,"column":6}},"15":{"start":{"line":39,"column":19},"end":{"line":39,"column":61}},"16":{"start":{"line":40,"column":4},"end":{"line":40,"column":52}},"17":{"start":{"line":41,"column":4},"end":{"line":41,"column":47}},"18":{"start":{"line":42,"column":4},"end":{"line":42,"column":39}},"19":{"start":{"line":43,"column":4},"end":{"line":43,"column":51}},"20":{"start":{"line":45,"column":4},"end":{"line":45,"column":49}},"21":{"start":{"line":47,"column":4},"end":{"line":47,"column":25}},"22":{"start":{"line":48,"column":4},"end":{"line":48,"column":45}},"23":{"start":{"line":52,"column":0},"end":{"line":52,"column":12}}},"fnMap":{"0":{"name":"seedAdmin","decl":{"start":{"line":4,"column":15},"end":{"line":4,"column":24}},"loc":{"start":{"line":4,"column":24},"end":{"line":50,"column":1}}}},"branchMap":{"0":{"loc":{"start":{"line":21,"column":4},"end":{"line":24,"column":5}},"type":"if","locations":[{"start":{"line":21,"column":4},"end":{"line":24,"column":5}},{"start":{},"end":{}}]}},"s":{"0":0,"1":0,"2":0,"3":0,"4":0,"5":0,"6":0,"7":0,"8":0,"9":0,"10":0,"11":0,"12":0,"13":0,"14":0,"15":0,"16":0,"17":0,"18":0,"19":0,"20":0,"21":0,"22":0,"23":0},"f":{"0":0},"b":{"0":[0,0]}}
,"C:\\Users\\smnam\\OneDrive\\Desktop\\sw cons prj\\restaurant-reservation-system\\backend\\src\\auth\\auth.controller.ts": {"path":"C:\\Users\\smnam\\OneDrive\\Desktop\\sw cons prj\\restaurant-reservation-system\\backend\\src\\auth\\auth.controller.ts","statementMap":{"0":{"start":{"line":1,"column":0},"end":{"line":1,"column":null}},"1":{"start":{"line":13,"column":0},"end":{"line":13,"column":47}},"2":{"start":{"line":14,"column":0},"end":{"line":14,"column":45}},"3":{"start":{"line":15,"column":0},"end":{"line":15,"column":49}},"4":{"start":{"line":16,"column":0},"end":{"line":16,"column":50}},"5":{"start":{"line":17,"column":0},"end":{"line":17,"column":53}},"6":{"start":{"line":18,"column":0},"end":{"line":18,"column":50}},"7":{"start":{"line":33,"column":7},"end":{"line":132,"column":null}},"8":{"start":{"line":35,"column":21},"end":{"line":35,"column":34}},"9":{"start":{"line":36,"column":21},"end":{"line":36,"column":36}},"10":{"start":{"line":49,"column":28},"end":{"line":49,"column":64}},"11":{"start":{"line":53,"column":6},"end":{"line":53,"column":65}},"12":{"start":{"line":54,"column":4},"end":{"line":59,"column":7}},"13":{"start":{"line":61,"column":4},"end":{"line":61,"column":62}},"14":{"start":{"line":84,"column":28},"end":{"line":84,"column":73}},"15":{"start":{"line":88,"column":6},"end":{"line":88,"column":65}},"16":{"start":{"line":89,"column":4},"end":{"line":94,"column":7}},"17":{"start":{"line":96,"column":4},"end":{"line":96,"column":55}},"18":{"start":{"line":108,"column":4},"end":{"line":110,"column":5}},"19":{"start":{"line":109,"column":6},"end":{"line":109,"column":64}},"20":{"start":{"line":112,"column":20},"end":{"line":112,"column":66}},"21":{"start":{"line":113,"column":4},"end":{"line":113,"column":29}},"22":{"start":{"line":120,"column":4},"end":{"line":120,"column":29}},"23":{"start":{"line":121,"column":4},"end":{"line":121,"column":65}},"24":{"start":{"line":129,"column":19},"end":{"line":129,"column":53}},"25":{"start":{"line":130,"column":4},"end":{"line":130,"column":42}},"26":{"start":{"line":33,"column":13},"end":{"line":33,"column":27}},"27":{"start":{"line":40,"column":8},"end":{"line":62,"column":null}},"28":{"start":{"line":66,"column":8},"end":{"line":97,"column":null}},"29":{"start":{"line":107,"column":8},"end":{"line":114,"column":null}},"30":{"start":{"line":119,"column":2},"end":{"line":122,"column":null}},"31":{"start":{"line":128,"column":8},"end":{"line":131,"column":null}},"32":{"start":{"line":33,"column":13},"end":{"line":132,"column":null}}},"fnMap":{"0":{"name":"(anonymous_4)","decl":{"start":{"line":34,"column":2},"end":{"line":34,"column":null}},"loc":{"start":{"line":36,"column":49},"end":{"line":37,"column":6}}},"1":{"name":"(anonymous_5)","decl":{"start":{"line":40,"column":8},"end":{"line":40,"column":16}},"loc":{"start":{"line":42,"column":45},"end":{"line":62,"column":3}}},"2":{"name":"(anonymous_6)","decl":{"start":{"line":66,"column":8},"end":{"line":66,"column":13}},"loc":{"start":{"line":69,"column":45},"end":{"line":97,"column":3}}},"3":{"name":"(anonymous_7)","decl":{"start":{"line":107,"column":8},"end":{"line":107,"column":15}},"loc":{"start":{"line":107,"column":48},"end":{"line":114,"column":3}}},"4":{"name":"(anonymous_8)","decl":{"start":{"line":119,"column":2},"end":{"line":119,"column":8}},"loc":{"start":{"line":119,"column":50},"end":{"line":122,"column":3}}},"5":{"name":"(anonymous_9)","decl":{"start":{"line":128,"column":8},"end":{"line":128,"column":17}},"loc":{"start":{"line":128,"column":17},"end":{"line":131,"column":3}}}},"branchMap":{"0":{"loc":{"start":{"line":57,"column":16},"end":{"line":57,"column":45}},"type":"cond-expr","locations":[{"start":{"line":57,"column":31},"end":{"line":57,"column":37}},{"start":{"line":57,"column":40},"end":{"line":57,"column":45}}]},"1":{"loc":{"start":{"line":92,"column":16},"end":{"line":92,"column":45}},"type":"cond-expr","locations":[{"start":{"line":92,"column":31},"end":{"line":92,"column":37}},{"start":{"line":92,"column":40},"end":{"line":92,"column":45}}]},"2":{"loc":{"start":{"line":108,"column":4},"end":{"line":110,"column":5}},"type":"if","locations":[{"start":{"line":108,"column":4},"end":{"line":110,"column":5}},{"start":{},"end":{}}]},"3":{"loc":{"start":{"line":41,"column":17},"end":{"line":41,"column":null}},"type":"cond-expr","locations":[{"start":{"line":41,"column":28},"end":{"line":41,"column":null}},{"start":{"line":41,"column":28},"end":{"line":41,"column":null}}]},"4":{"loc":{"start":{"line":41,"column":17},"end":{"line":41,"column":28}},"type":"binary-expr","locations":[{"start":{"line":41,"column":17},"end":{"line":41,"column":null}},{"start":{"line":41,"column":17},"end":{"line":41,"column":28}}]},"5":{"loc":{"start":{"line":35,"column":34},"end":{"line":35,"column":null}},"type":"cond-expr","locations":[{"start":{"line":35,"column":45},"end":{"line":35,"column":null}},{"start":{"line":35,"column":45},"end":{"line":35,"column":null}}]},"6":{"loc":{"start":{"line":35,"column":34},"end":{"line":35,"column":45}},"type":"binary-expr","locations":[{"start":{"line":35,"column":34},"end":{"line":35,"column":null}},{"start":{"line":35,"column":34},"end":{"line":35,"column":45}}]},"7":{"loc":{"start":{"line":35,"column":45},"end":{"line":36,"column":null}},"type":"cond-expr","locations":[{"start":{"line":36,"column":49},"end":{"line":36,"column":null}},{"start":{"line":36,"column":49},"end":{"line":36,"column":null}}]},"8":{"loc":{"start":{"line":35,"column":45},"end":{"line":36,"column":49}},"type":"binary-expr","locations":[{"start":{"line":35,"column":45},"end":{"line":36,"column":null}},{"start":{"line":36,"column":36},"end":{"line":36,"column":49}}]}},"s":{"0":0,"1":0,"2":0,"3":0,"4":0,"5":0,"6":0,"7":0,"8":0,"9":0,"10":0,"11":0,"12":0,"13":0,"14":0,"15":0,"16":0,"17":0,"18":0,"19":0,"20":0,"21":0,"22":0,"23":0,"24":0,"25":0,"26":0,"27":0,"28":0,"29":0,"30":0,"31":0,"32":0},"f":{"0":0,"1":0,"2":0,"3":0,"4":0,"5":0},"b":{"0":[0,0],"1":[0,0],"2":[0,0],"3":[0,0],"4":[0,0],"5":[0,0],"6":[0,0],"7":[0,0],"8":[0,0]}}
,"C:\\Users\\smnam\\OneDrive\\Desktop\\sw cons prj\\restaurant-reservation-system\\backend\\src\\auth\\auth.repository.ts": {"path":"C:\\Users\\smnam\\OneDrive\\Desktop\\sw cons prj\\restaurant-reservation-system\\backend\\src\\auth\\auth.repository.ts","statementMap":{"0":{"start":{"line":1,"column":0},"end":{"line":1,"column":44}},"1":{"start":{"line":2,"column":0},"end":{"line":2,"column":47}},"2":{"start":{"line":3,"column":0},"end":{"line":3,"column":33}},"3":{"start":{"line":4,"column":0},"end":{"line":4,"column":60}},"4":{"start":{"line":7,"column":7},"end":{"line":39,"column":null}},"5":{"start":{"line":9,"column":45},"end":{"line":9,"column":56}},"6":{"start":{"line":13,"column":4},"end":{"line":13,"column":80}},"7":{"start":{"line":17,"column":4},"end":{"line":17,"column":66}},"8":{"start":{"line":21,"column":4},"end":{"line":21,"column":56}},"9":{"start":{"line":25,"column":20},"end":{"line":25,"column":48}},"10":{"start":{"line":26,"column":4},"end":{"line":26,"column":26}},"11":{"start":{"line":30,"column":4},"end":{"line":33,"column":14}},"12":{"start":{"line":37,"column":4},"end":{"line":37,"column":55}},"13":{"start":{"line":7,"column":13},"end":{"line":7,"column":27}},"14":{"start":{"line":7,"column":13},"end":{"line":39,"column":null}}},"fnMap":{"0":{"name":"(anonymous_4)","decl":{"start":{"line":8,"column":2},"end":{"line":8,"column":null}},"loc":{"start":{"line":9,"column":75},"end":{"line":10,"column":6}}},"1":{"name":"(anonymous_5)","decl":{"start":{"line":12,"column":2},"end":{"line":12,"column":7}},"loc":{"start":{"line":12,"column":33},"end":{"line":14,"column":3}}},"2":{"name":"(anonymous_6)","decl":{"start":{"line":16,"column":2},"end":{"line":16,"column":7}},"loc":{"start":{"line":16,"column":27},"end":{"line":18,"column":3}}},"3":{"name":"(anonymous_7)","decl":{"start":{"line":20,"column":2},"end":{"line":20,"column":7}},"loc":{"start":{"line":20,"column":15},"end":{"line":22,"column":3}}},"4":{"name":"(anonymous_8)","decl":{"start":{"line":24,"column":2},"end":{"line":24,"column":7}},"loc":{"start":{"line":24,"column":38},"end":{"line":27,"column":3}}},"5":{"name":"(anonymous_9)","decl":{"start":{"line":29,"column":2},"end":{"line":29,"column":7}},"loc":{"start":{"line":29,"column":52},"end":{"line":34,"column":3}}},"6":{"name":"(anonymous_10)","decl":{"start":{"line":36,"column":2},"end":{"line":36,"column":7}},"loc":{"start":{"line":36,"column":25},"end":{"line":38,"column":3}}}},"branchMap":{"0":{"loc":{"start":{"line":9,"column":56},"end":{"line":9,"column":75}},"type":"cond-expr","locations":[{"start":{"line":9,"column":61},"end":{"line":9,"column":75}},{"start":{"line":9,"column":61},"end":{"line":9,"column":75}}]},"1":{"loc":{"start":{"line":9,"column":56},"end":{"line":9,"column":61}},"type":"binary-expr","locations":[{"start":{"line":9,"column":56},"end":{"line":9,"column":75}},{"start":{"line":9,"column":56},"end":{"line":9,"column":61}}]}},"s":{"0":0,"1":0,"2":0,"3":0,"4":0,"5":0,"6":0,"7":0,"8":0,"9":0,"10":0,"11":0,"12":0,"13":0,"14":0},"f":{"0":0,"1":0,"2":0,"3":0,"4":0,"5":0,"6":0},"b":{"0":[0,0],"1":[0,0]}}
,"C:\\Users\\smnam\\OneDrive\\Desktop\\sw cons prj\\restaurant-reservation-system\\backend\\src\\auth\\auth.service.ts": {"path":"C:\\Users\\smnam\\OneDrive\\Desktop\\sw cons prj\\restaurant-reservation-system\\backend\\src\\auth\\auth.service.ts","statementMap":{"0":{"start":{"line":1,"column":0},"end":{"line":1,"column":null}},"1":{"start":{"line":7,"column":0},"end":{"line":7,"column":35}},"2":{"start":{"line":8,"column":0},"end":{"line":8,"column":51}},"3":{"start":{"line":9,"column":0},"end":{"line":9,"column":41}},"4":{"start":{"line":13,"column":7},"end":{"line":96,"column":null}},"5":{"start":{"line":15,"column":21},"end":{"line":15,"column":31}},"6":{"start":{"line":16,"column":21},"end":{"line":16,"column":33}},"7":{"start":{"line":20,"column":51},"end":{"line":20,"column":54}},"8":{"start":{"line":22,"column":4},"end":{"line":24,"column":5}},"9":{"start":{"line":23,"column":6},"end":{"line":23,"column":77}},"10":{"start":{"line":26,"column":21},"end":{"line":26,"column":59}},"11":{"start":{"line":27,"column":4},"end":{"line":29,"column":5}},"12":{"start":{"line":28,"column":6},"end":{"line":28,"column":75}},"13":{"start":{"line":31,"column":17},"end":{"line":31,"column":41}},"14":{"start":{"line":32,"column":17},"end":{"line":32,"column":50}},"15":{"start":{"line":34,"column":17},"end":{"line":40,"column":6}},"16":{"start":{"line":42,"column":18},"end":{"line":42,"column":53}},"17":{"start":{"line":44,"column":4},"end":{"line":53,"column":6}},"18":{"start":{"line":57,"column":4},"end":{"line":58,"column":67}},"19":{"start":{"line":58,"column":6},"end":{"line":58,"column":67}},"20":{"start":{"line":60,"column":17},"end":{"line":60,"column":55}},"21":{"start":{"line":61,"column":4},"end":{"line":61,"column":70}},"22":{"start":{"line":61,"column":15},"end":{"line":61,"column":70}},"23":{"start":{"line":63,"column":20},"end":{"line":63,"column":65}},"24":{"start":{"line":64,"column":4},"end":{"line":64,"column":73}},"25":{"start":{"line":64,"column":18},"end":{"line":64,"column":73}},"26":{"start":{"line":66,"column":18},"end":{"line":66,"column":53}},"27":{"start":{"line":68,"column":4},"end":{"line":76,"column":6}},"28":{"start":{"line":80,"column":17},"end":{"line":80,"column":53}},"29":{"start":{"line":81,"column":4},"end":{"line":81,"column":61}},"30":{"start":{"line":81,"column":15},"end":{"line":81,"column":61}},"31":{"start":{"line":82,"column":4},"end":{"line":82,"column":16}},"32":{"start":{"line":87,"column":4},"end":{"line":90,"column":28}},"33":{"start":{"line":94,"column":4},"end":{"line":94,"column":49}},"34":{"start":{"line":13,"column":13},"end":{"line":13,"column":24}},"35":{"start":{"line":13,"column":13},"end":{"line":96,"column":null}}},"fnMap":{"0":{"name":"(anonymous_11)","decl":{"start":{"line":14,"column":2},"end":{"line":14,"column":null}},"loc":{"start":{"line":16,"column":43},"end":{"line":17,"column":6}}},"1":{"name":"(anonymous_12)","decl":{"start":{"line":19,"column":2},"end":{"line":19,"column":7}},"loc":{"start":{"line":19,"column":33},"end":{"line":54,"column":3}}},"2":{"name":"(anonymous_13)","decl":{"start":{"line":56,"column":2},"end":{"line":56,"column":7}},"loc":{"start":{"line":56,"column":45},"end":{"line":77,"column":3}}},"3":{"name":"(anonymous_14)","decl":{"start":{"line":79,"column":2},"end":{"line":79,"column":7}},"loc":{"start":{"line":79,"column":33},"end":{"line":83,"column":3}}},"4":{"name":"(anonymous_15)","decl":{"start":{"line":86,"column":2},"end":{"line":86,"column":7}},"loc":{"start":{"line":86,"column":17},"end":{"line":91,"column":3}}},"5":{"name":"(anonymous_16)","decl":{"start":{"line":93,"column":10},"end":{"line":93,"column":19}},"loc":{"start":{"line":93,"column":34},"end":{"line":95,"column":3}}}},"branchMap":{"0":{"loc":{"start":{"line":22,"column":4},"end":{"line":24,"column":5}},"type":"if","locations":[{"start":{"line":22,"column":4},"end":{"line":24,"column":5}},{"start":{},"end":{}}]},"1":{"loc":{"start":{"line":22,"column":8},"end":{"line":22,"column":36}},"type":"binary-expr","locations":[{"start":{"line":22,"column":8},"end":{"line":22,"column":13}},{"start":{"line":22,"column":17},"end":{"line":22,"column":23}},{"start":{"line":22,"column":27},"end":{"line":22,"column":36}}]},"2":{"loc":{"start":{"line":27,"column":4},"end":{"line":29,"column":5}},"type":"if","locations":[{"start":{"line":27,"column":4},"end":{"line":29,"column":5}},{"start":{},"end":{}}]},"3":{"loc":{"start":{"line":39,"column":12},"end":{"line":39,"column":30}},"type":"binary-expr","locations":[{"start":{"line":39,"column":12},"end":{"line":39,"column":16}},{"start":{"line":39,"column":20},"end":{"line":39,"column":30}}]},"4":{"loc":{"start":{"line":57,"column":4},"end":{"line":58,"column":67}},"type":"if","locations":[{"start":{"line":57,"column":4},"end":{"line":58,"column":67}},{"start":{},"end":{}}]},"5":{"loc":{"start":{"line":57,"column":8},"end":{"line":57,"column":27}},"type":"binary-expr","locations":[{"start":{"line":57,"column":8},"end":{"line":57,"column":14}},{"start":{"line":57,"column":18},"end":{"line":57,"column":27}}]},"6":{"loc":{"start":{"line":61,"column":4},"end":{"line":61,"column":70}},"type":"if","locations":[{"start":{"line":61,"column":4},"end":{"line":61,"column":70}},{"start":{},"end":{}}]},"7":{"loc":{"start":{"line":64,"column":4},"end":{"line":64,"column":73}},"type":"if","locations":[{"start":{"line":64,"column":4},"end":{"line":64,"column":73}},{"start":{},"end":{}}]},"8":{"loc":{"start":{"line":81,"column":4},"end":{"line":81,"column":61}},"type":"if","locations":[{"start":{"line":81,"column":4},"end":{"line":81,"column":61}},{"start":{},"end":{}}]},"9":{"loc":{"start":{"line":15,"column":31},"end":{"line":15,"column":null}},"type":"cond-expr","locations":[{"start":{"line":15,"column":45},"end":{"line":15,"column":null}},{"start":{"line":15,"column":45},"end":{"line":15,"column":null}}]},"10":{"loc":{"start":{"line":15,"column":31},"end":{"line":15,"column":45}},"type":"binary-expr","locations":[{"start":{"line":15,"column":31},"end":{"line":15,"column":null}},{"start":{"line":15,"column":31},"end":{"line":15,"column":45}}]},"11":{"loc":{"start":{"line":15,"column":45},"end":{"line":16,"column":null}},"type":"cond-expr","locations":[{"start":{"line":16,"column":43},"end":{"line":16,"column":null}},{"start":{"line":16,"column":43},"end":{"line":16,"column":null}}]},"12":{"loc":{"start":{"line":15,"column":45},"end":{"line":16,"column":43}},"type":"binary-expr","locations":[{"start":{"line":15,"column":45},"end":{"line":16,"column":null}},{"start":{"line":16,"column":33},"end":{"line":16,"column":43}}]}},"s":{"0":0,"1":0,"2":0,"3":0,"4":0,"5":0,"6":0,"7":0,"8":0,"9":0,"10":0,"11":0,"12":0,"13":0,"14":0,"15":0,"16":0,"17":0,"18":0,"19":0,"20":0,"21":0,"22":0,"23":0,"24":0,"25":0,"26":0,"27":0,"28":0,"29":0,"30":0,"31":0,"32":0,"33":0,"34":0,"35":0},"f":{"0":0,"1":0,"2":0,"3":0,"4":0,"5":0},"b":{"0":[0,0],"1":[0,0,0],"2":[0,0],"3":[0,0],"4":[0,0],"5":[0,0],"6":[0,0],"7":[0,0],"8":[0,0],"9":[0,0],"10":[0,0],"11":[0,0],"12":[0,0]}}
,"C:\\Users\\smnam\\OneDrive\\Desktop\\sw cons prj\\restaurant-reservation-system\\backend\\src\\auth\\users.controller.ts": {"path":"C:\\Users\\smnam\\OneDrive\\Desktop\\sw cons prj\\restaurant-reservation-system\\backend\\src\\auth\\users.controller.ts","statementMap":{"0":{"start":{"line":1,"column":0},"end":{"line":1,"column":null}},"1":{"start":{"line":10,"column":24},"end":{"line":10,"column":69}},"2":{"start":{"line":11,"column":0},"end":{"line":11,"column":50}},"3":{"start":{"line":12,"column":0},"end":{"line":12,"column":50}},"4":{"start":{"line":13,"column":0},"end":{"line":13,"column":53}},"5":{"start":{"line":18,"column":7},"end":{"line":78,"column":null}},"6":{"start":{"line":19,"column":31},"end":{"line":19,"column":44}},"7":{"start":{"line":24,"column":18},"end":{"line":24,"column":52}},"8":{"start":{"line":25,"column":4},"end":{"line":28,"column":6}},"9":{"start":{"line":34,"column":17},"end":{"line":34,"column":54}},"10":{"start":{"line":35,"column":4},"end":{"line":35,"column":61}},"11":{"start":{"line":35,"column":15},"end":{"line":35,"column":61}},"12":{"start":{"line":37,"column":4},"end":{"line":40,"column":6}},"13":{"start":{"line":55,"column":20},"end":{"line":55,"column":83}},"14":{"start":{"line":57,"column":4},"end":{"line":57,"column":64}},"15":{"start":{"line":57,"column":18},"end":{"line":57,"column":64}},"16":{"start":{"line":59,"column":4},"end":{"line":63,"column":6}},"17":{"start":{"line":69,"column":20},"end":{"line":69,"column":71}},"18":{"start":{"line":71,"column":4},"end":{"line":71,"column":64}},"19":{"start":{"line":71,"column":18},"end":{"line":71,"column":64}},"20":{"start":{"line":73,"column":4},"end":{"line":76,"column":6}},"21":{"start":{"line":18,"column":13},"end":{"line":18,"column":28}},"22":{"start":{"line":23,"column":8},"end":{"line":29,"column":null}},"23":{"start":{"line":33,"column":8},"end":{"line":41,"column":null}},"24":{"start":{"line":45,"column":8},"end":{"line":64,"column":null}},"25":{"start":{"line":68,"column":8},"end":{"line":77,"column":null}},"26":{"start":{"line":18,"column":13},"end":{"line":78,"column":null}}},"fnMap":{"0":{"name":"(anonymous_4)","decl":{"start":{"line":19,"column":2},"end":{"line":19,"column":31}},"loc":{"start":{"line":19,"column":55},"end":{"line":19,"column":59}}},"1":{"name":"(anonymous_5)","decl":{"start":{"line":23,"column":8},"end":{"line":23,"column":19}},"loc":{"start":{"line":23,"column":19},"end":{"line":29,"column":3}}},"2":{"name":"(anonymous_6)","decl":{"start":{"line":33,"column":8},"end":{"line":33,"column":19}},"loc":{"start":{"line":33,"column":43},"end":{"line":41,"column":3}}},"3":{"name":"(anonymous_7)","decl":{"start":{"line":45,"column":8},"end":{"line":45,"column":18}},"loc":{"start":{"line":53,"column":5},"end":{"line":64,"column":3}}},"4":{"name":"(anonymous_8)","decl":{"start":{"line":68,"column":8},"end":{"line":68,"column":18}},"loc":{"start":{"line":68,"column":42},"end":{"line":77,"column":3}}}},"branchMap":{"0":{"loc":{"start":{"line":35,"column":4},"end":{"line":35,"column":61}},"type":"if","locations":[{"start":{"line":35,"column":4},"end":{"line":35,"column":61}},{"start":{},"end":{}}]},"1":{"loc":{"start":{"line":57,"column":4},"end":{"line":57,"column":64}},"type":"if","locations":[{"start":{"line":57,"column":4},"end":{"line":57,"column":64}},{"start":{},"end":{}}]},"2":{"loc":{"start":{"line":71,"column":4},"end":{"line":71,"column":64}},"type":"if","locations":[{"start":{"line":71,"column":4},"end":{"line":71,"column":64}},{"start":{},"end":{}}]},"3":{"loc":{"start":{"line":19,"column":44},"end":{"line":19,"column":58}},"type":"cond-expr","locations":[{"start":{"line":19,"column":55},"end":{"line":19,"column":58}},{"start":{"line":19,"column":55},"end":{"line":19,"column":58}}]},"4":{"loc":{"start":{"line":19,"column":44},"end":{"line":19,"column":55}},"type":"binary-expr","locations":[{"start":{"line":19,"column":44},"end":{"line":19,"column":58}},{"start":{"line":19,"column":44},"end":{"line":19,"column":55}}]}},"s":{"0":0,"1":0,"2":0,"3":0,"4":0,"5":0,"6":0,"7":0,"8":0,"9":0,"10":0,"11":0,"12":0,"13":0,"14":0,"15":0,"16":0,"17":0,"18":0,"19":0,"20":0,"21":0,"22":0,"23":0,"24":0,"25":0,"26":0},"f":{"0":0,"1":0,"2":0,"3":0,"4":0},"b":{"0":[0,0],"1":[0,0],"2":[0,0],"3":[0,0],"4":[0,0]}}
,"C:\\Users\\smnam\\OneDrive\\Desktop\\sw cons prj\\restaurant-reservation-system\\backend\\src\\auth\\decorators\\roles.decorator.ts": {"path":"C:\\Users\\smnam\\OneDrive\\Desktop\\sw cons prj\\restaurant-reservation-system\\backend\\src\\auth\\decorators\\roles.decorator.ts","statementMap":{"0":{"start":{"line":1,"column":0},"end":{"line":1,"column":45}},"1":{"start":{"line":3,"column":13},"end":{"line":3,"column":33}},"2":{"start":{"line":4,"column":21},"end":{"line":4,"column":74}},"3":{"start":{"line":4,"column":45},"end":{"line":4,"column":74}},"4":{"start":{"line":4,"column":13},"end":{"line":4,"column":21}}},"fnMap":{"0":{"name":"(anonymous_0)","decl":{"start":{"line":4,"column":21},"end":{"line":4,"column":22}},"loc":{"start":{"line":4,"column":45},"end":{"line":4,"column":74}}}},"branchMap":{},"s":{"0":1,"1":1,"2":1,"3":2,"4":1},"f":{"0":2},"b":{}}
,"C:\\Users\\smnam\\OneDrive\\Desktop\\sw cons prj\\restaurant-reservation-system\\backend\\src\\auth\\decorators\\user.decorator.ts": {"path":"C:\\Users\\smnam\\OneDrive\\Desktop\\sw cons prj\\restaurant-reservation-system\\backend\\src\\auth\\decorators\\user.decorator.ts","statementMap":{"0":{"start":{"line":1,"column":0},"end":{"line":1,"column":72}},"1":{"start":{"line":3,"column":13},"end":{"line":9,"column":2}},"2":{"start":{"line":5,"column":16},"end":{"line":5,"column":47}},"3":{"start":{"line":6,"column":4},"end":{"line":6,"column":31}},"4":{"start":{"line":6,"column":15},"end":{"line":6,"column":31}},"5":{"start":{"line":7,"column":4},"end":{"line":7,"column":28}}},"fnMap":{"0":{"name":"(anonymous_0)","decl":{"start":{"line":4,"column":2},"end":{"line":4,"column":3}},"loc":{"start":{"line":4,"column":54},"end":{"line":8,"column":3}}}},"branchMap":{"0":{"loc":{"start":{"line":6,"column":4},"end":{"line":6,"column":31}},"type":"if","locations":[{"start":{"line":6,"column":4},"end":{"line":6,"column":31}},{"start":{},"end":{}}]}},"s":{"0":0,"1":0,"2":0,"3":0,"4":0,"5":0},"f":{"0":0},"b":{"0":[0,0]}}
,"C:\\Users\\smnam\\OneDrive\\Desktop\\sw cons prj\\restaurant-reservation-system\\backend\\src\\auth\\dto\\login.dto.ts": {"path":"C:\\Users\\smnam\\OneDrive\\Desktop\\sw cons prj\\restaurant-reservation-system\\backend\\src\\auth\\dto\\login.dto.ts","statementMap":{"0":{"start":{"line":1,"column":0},"end":{"line":1,"column":65}},"1":{"start":{"line":3,"column":0},"end":{"line":3,"column":13}},"2":{"start":{"line":5,"column":2},"end":{"line":5,"column":null}},"3":{"start":{"line":8,"column":2},"end":{"line":8,"column":null}}},"fnMap":{},"branchMap":{},"s":{"0":0,"1":0,"2":0,"3":0},"f":{},"b":{}}
,"C:\\Users\\smnam\\OneDrive\\Desktop\\sw cons prj\\restaurant-reservation-system\\backend\\src\\auth\\dto\\register.dto.ts": {"path":"C:\\Users\\smnam\\OneDrive\\Desktop\\sw cons prj\\restaurant-reservation-system\\backend\\src\\auth\\dto\\register.dto.ts","statementMap":{"0":{"start":{"line":1,"column":0},"end":{"line":1,"column":77}},"1":{"start":{"line":3,"column":0},"end":{"line":3,"column":13}},"2":{"start":{"line":5,"column":2},"end":{"line":5,"column":null}},"3":{"start":{"line":8,"column":2},"end":{"line":8,"column":null}},"4":{"start":{"line":11,"column":2},"end":{"line":11,"column":null}},"5":{"start":{"line":15,"column":2},"end":{"line":15,"column":null}},"6":{"start":{"line":18,"column":2},"end":{"line":18,"column":null}}},"fnMap":{},"branchMap":{},"s":{"0":0,"1":0,"2":0,"3":0,"4":0,"5":0,"6":0},"f":{},"b":{}}
,"C:\\Users\\smnam\\OneDrive\\Desktop\\sw cons prj\\restaurant-reservation-system\\backend\\src\\auth\\entities\\user.schema.ts": {"path":"C:\\Users\\smnam\\OneDrive\\Desktop\\sw cons prj\\restaurant-reservation-system\\backend\\src\\auth\\entities\\user.schema.ts","statementMap":{"0":{"start":{"line":1,"column":0},"end":{"line":1,"column":63}},"1":{"start":{"line":9,"column":7},"end":{"line":27,"column":null}},"2":{"start":{"line":9,"column":13},"end":{"line":9,"column":17}},"3":{"start":{"line":11,"column":4},"end":{"line":11,"column":null}},"4":{"start":{"line":14,"column":4},"end":{"line":14,"column":null}},"5":{"start":{"line":17,"column":4},"end":{"line":17,"column":null}},"6":{"start":{"line":20,"column":4},"end":{"line":20,"column":null}},"7":{"start":{"line":23,"column":4},"end":{"line":23,"column":null}},"8":{"start":{"line":26,"column":4},"end":{"line":26,"column":null}},"9":{"start":{"line":9,"column":13},"end":{"line":27,"column":null}},"10":{"start":{"line":29,"column":13},"end":{"line":29,"column":61}},"11":{"start":{"line":31,"column":0},"end":{"line":47,"column":3}},"12":{"start":{"line":32,"column":2},"end":{"line":32,"column":33}},"13":{"start":{"line":32,"column":19},"end":{"line":32,"column":33}},"14":{"start":{"line":35,"column":23},"end":{"line":35,"column":44}},"15":{"start":{"line":37,"column":18},"end":{"line":40,"column":null}},"16":{"start":{"line":44,"column":2},"end":{"line":44,"column":56}},"17":{"start":{"line":46,"column":2},"end":{"line":46,"column":9}}},"fnMap":{"0":{"name":"(anonymous_2)","decl":{"start":{"line":31,"column":37},"end":{"line":31,"column":42}},"loc":{"start":{"line":31,"column":57},"end":{"line":47,"column":1}}}},"branchMap":{"0":{"loc":{"start":{"line":32,"column":2},"end":{"line":32,"column":33}},"type":"if","locations":[{"start":{"line":32,"column":2},"end":{"line":32,"column":33}},{"start":{},"end":{}}]}},"s":{"0":0,"1":0,"2":0,"3":0,"4":0,"5":0,"6":0,"7":0,"8":0,"9":0,"10":0,"11":0,"12":0,"13":0,"14":0,"15":0,"16":0,"17":0},"f":{"0":0},"b":{"0":[0,0]}}
,"C:\\Users\\smnam\\OneDrive\\Desktop\\sw cons prj\\restaurant-reservation-system\\backend\\src\\auth\\guards\\jwt.guard.ts": {"path":"C:\\Users\\smnam\\OneDrive\\Desktop\\sw cons prj\\restaurant-reservation-system\\backend\\src\\auth\\guards\\jwt.guard.ts","statementMap":{"0":{"start":{"line":1,"column":0},"end":{"line":1,"column":62}},"1":{"start":{"line":2,"column":0},"end":{"line":2,"column":45}},"2":{"start":{"line":5,"column":7},"end":{"line":19,"column":null}},"3":{"start":{"line":7,"column":20},"end":{"line":7,"column":55}},"4":{"start":{"line":10,"column":22},"end":{"line":10,"column":40}},"5":{"start":{"line":13,"column":8},"end":{"line":15,"column":9}},"6":{"start":{"line":14,"column":8},"end":{"line":14,"column":54}},"7":{"start":{"line":17,"column":8},"end":{"line":17,"column":19}},"8":{"start":{"line":5,"column":13},"end":{"line":5,"column":25}},"9":{"start":{"line":5,"column":13},"end":{"line":19,"column":null}}},"fnMap":{"0":{"name":"(anonymous_1)","decl":{"start":{"line":6,"column":4},"end":{"line":6,"column":14}},"loc":{"start":{"line":6,"column":40},"end":{"line":18,"column":5}}}},"branchMap":{"0":{"loc":{"start":{"line":13,"column":8},"end":{"line":15,"column":9}},"type":"if","locations":[{"start":{"line":13,"column":8},"end":{"line":15,"column":9}},{"start":{},"end":{}}]}},"s":{"0":1,"1":1,"2":1,"3":0,"4":0,"5":0,"6":0,"7":0,"8":1,"9":1},"f":{"0":0},"b":{"0":[0,0]}}
,"C:\\Users\\smnam\\OneDrive\\Desktop\\sw cons prj\\restaurant-reservation-system\\backend\\src\\auth\\guards\\roles.guard.ts": {"path":"C:\\Users\\smnam\\OneDrive\\Desktop\\sw cons prj\\restaurant-reservation-system\\backend\\src\\auth\\guards\\roles.guard.ts","statementMap":{"0":{"start":{"line":1,"column":0},"end":{"line":1,"column":75}},"1":{"start":{"line":2,"column":0},"end":{"line":2,"column":41}},"2":{"start":{"line":3,"column":0},"end":{"line":3,"column":58}},"3":{"start":{"line":6,"column":7},"end":{"line":21,"column":null}},"4":{"start":{"line":7,"column":22},"end":{"line":7,"column":33}},"5":{"start":{"line":10,"column":26},"end":{"line":13,"column":6}},"6":{"start":{"line":14,"column":4},"end":{"line":16,"column":5}},"7":{"start":{"line":15,"column":6},"end":{"line":15,"column":18}},"8":{"start":{"line":17,"column":21},"end":{"line":17,"column":56}},"9":{"start":{"line":18,"column":4},"end":{"line":18,"column":28}},"10":{"start":{"line":18,"column":15},"end":{"line":18,"column":28}},"11":{"start":{"line":19,"column":4},"end":{"line":19,"column":45}},"12":{"start":{"line":6,"column":13},"end":{"line":6,"column":23}},"13":{"start":{"line":6,"column":13},"end":{"line":21,"column":null}}},"fnMap":{"0":{"name":"(anonymous_2)","decl":{"start":{"line":7,"column":2},"end":{"line":7,"column":22}},"loc":{"start":{"line":7,"column":42},"end":{"line":7,"column":46}}},"1":{"name":"(anonymous_3)","decl":{"start":{"line":9,"column":2},"end":{"line":9,"column":13}},"loc":{"start":{"line":9,"column":39},"end":{"line":20,"column":3}}}},"branchMap":{"0":{"loc":{"start":{"line":14,"column":4},"end":{"line":16,"column":5}},"type":"if","locations":[{"start":{"line":14,"column":4},"end":{"line":16,"column":5}},{"start":{},"end":{}}]},"1":{"loc":{"start":{"line":18,"column":4},"end":{"line":18,"column":28}},"type":"if","locations":[{"start":{"line":18,"column":4},"end":{"line":18,"column":28}},{"start":{},"end":{}}]},"2":{"loc":{"start":{"line":7,"column":33},"end":{"line":7,"column":45}},"type":"cond-expr","locations":[{"start":{"line":7,"column":42},"end":{"line":7,"column":45}},{"start":{"line":7,"column":42},"end":{"line":7,"column":45}}]},"3":{"loc":{"start":{"line":7,"column":33},"end":{"line":7,"column":42}},"type":"binary-expr","locations":[{"start":{"line":7,"column":33},"end":{"line":7,"column":45}},{"start":{"line":7,"column":33},"end":{"line":7,"column":42}}]}},"s":{"0":1,"1":1,"2":1,"3":1,"4":0,"5":0,"6":0,"7":0,"8":0,"9":0,"10":0,"11":0,"12":1,"13":1},"f":{"0":0,"1":0},"b":{"0":[0,0],"1":[0,0],"2":[1,0],"3":[1,1]}}
,"C:\\Users\\smnam\\OneDrive\\Desktop\\sw cons prj\\restaurant-reservation-system\\backend\\src\\auth\\strategies\\jwt.strategy.ts": {"path":"C:\\Users\\smnam\\OneDrive\\Desktop\\sw cons prj\\restaurant-reservation-system\\backend\\src\\auth\\strategies\\jwt.strategy.ts","statementMap":{"0":{"start":{"line":1,"column":0},"end":{"line":1,"column":44}},"1":{"start":{"line":2,"column":0},"end":{"line":2,"column":52}},"2":{"start":{"line":3,"column":0},"end":{"line":3,"column":52}},"3":{"start":{"line":4,"column":0},"end":{"line":4,"column":47}},"4":{"start":{"line":5,"column":0},"end":{"line":5,"column":52}},"5":{"start":{"line":9,"column":24},"end":{"line":14,"column":1}},"6":{"start":{"line":10,"column":2},"end":{"line":12,"column":3}},"7":{"start":{"line":11,"column":4},"end":{"line":11,"column":40}},"8":{"start":{"line":13,"column":2},"end":{"line":13,"column":14}},"9":{"start":{"line":17,"column":7},"end":{"line":46,"column":null}},"10":{"start":{"line":23,"column":19},"end":{"line":23,"column":80}},"11":{"start":{"line":25,"column":4},"end":{"line":32,"column":7}},"12":{"start":{"line":19,"column":21},"end":{"line":19,"column":36}},"13":{"start":{"line":20,"column":21},"end":{"line":20,"column":31}},"14":{"start":{"line":36,"column":17},"end":{"line":36,"column":58}},"15":{"start":{"line":37,"column":4},"end":{"line":37,"column":27}},"16":{"start":{"line":37,"column":15},"end":{"line":37,"column":27}},"17":{"start":{"line":39,"column":4},"end":{"line":44,"column":6}},"18":{"start":{"line":17,"column":13},"end":{"line":17,"column":24}},"19":{"start":{"line":17,"column":13},"end":{"line":46,"column":null}}},"fnMap":{"0":{"name":"(anonymous_2)","decl":{"start":{"line":9,"column":24},"end":{"line":9,"column":25}},"loc":{"start":{"line":9,"column":56},"end":{"line":14,"column":1}}},"1":{"name":"(anonymous_3)","decl":{"start":{"line":18,"column":2},"end":{"line":18,"column":null}},"loc":{"start":{"line":20,"column":45},"end":{"line":33,"column":3}}},"2":{"name":"(anonymous_4)","decl":{"start":{"line":35,"column":2},"end":{"line":35,"column":7}},"loc":{"start":{"line":35,"column":29},"end":{"line":45,"column":3}}}},"branchMap":{"0":{"loc":{"start":{"line":10,"column":2},"end":{"line":12,"column":3}},"type":"if","locations":[{"start":{"line":10,"column":2},"end":{"line":12,"column":3}},{"start":{},"end":{}}]},"1":{"loc":{"start":{"line":10,"column":6},"end":{"line":10,"column":24}},"type":"binary-expr","locations":[{"start":{"line":10,"column":6},"end":{"line":10,"column":9}},{"start":{"line":10,"column":13},"end":{"line":10,"column":24}}]},"2":{"loc":{"start":{"line":11,"column":11},"end":{"line":11,"column":39}},"type":"binary-expr","locations":[{"start":{"line":11,"column":11},"end":{"line":11,"column":31}},{"start":{"line":11,"column":35},"end":{"line":11,"column":39}}]},"3":{"loc":{"start":{"line":23,"column":19},"end":{"line":23,"column":80}},"type":"binary-expr","locations":[{"start":{"line":23,"column":19},"end":{"line":23,"column":58}},{"start":{"line":23,"column":62},"end":{"line":23,"column":80}}]},"4":{"loc":{"start":{"line":37,"column":4},"end":{"line":37,"column":27}},"type":"if","locations":[{"start":{"line":37,"column":4},"end":{"line":37,"column":27}},{"start":{},"end":{}}]},"5":{"loc":{"start":{"line":19,"column":36},"end":{"line":19,"column":null}},"type":"cond-expr","locations":[{"start":{"line":19,"column":49},"end":{"line":19,"column":null}},{"start":{"line":19,"column":49},"end":{"line":19,"column":null}}]},"6":{"loc":{"start":{"line":19,"column":36},"end":{"line":19,"column":49}},"type":"binary-expr","locations":[{"start":{"line":19,"column":36},"end":{"line":19,"column":null}},{"start":{"line":19,"column":36},"end":{"line":19,"column":49}}]},"7":{"loc":{"start":{"line":19,"column":49},"end":{"line":20,"column":null}},"type":"cond-expr","locations":[{"start":{"line":20,"column":45},"end":{"line":20,"column":null}},{"start":{"line":20,"column":45},"end":{"line":20,"column":null}}]},"8":{"loc":{"start":{"line":19,"column":49},"end":{"line":20,"column":45}},"type":"binary-expr","locations":[{"start":{"line":19,"column":49},"end":{"line":20,"column":null}},{"start":{"line":20,"column":31},"end":{"line":20,"column":45}}]}},"s":{"0":0,"1":0,"2":0,"3":0,"4":0,"5":0,"6":0,"7":0,"8":0,"9":0,"10":0,"11":0,"12":0,"13":0,"14":0,"15":0,"16":0,"17":0,"18":0,"19":0},"f":{"0":0,"1":0,"2":0},"b":{"0":[0,0],"1":[0,0],"2":[0,0],"3":[0,0],"4":[0,0],"5":[0,0],"6":[0,0],"7":[0,0],"8":[0,0]}}
,"C:\\Users\\smnam\\OneDrive\\Desktop\\sw cons prj\\restaurant-reservation-system\\backend\\src\\common\\schemas\\counter.schema.ts": {"path":"C:\\Users\\smnam\\OneDrive\\Desktop\\sw cons prj\\restaurant-reservation-system\\backend\\src\\common\\schemas\\counter.schema.ts","statementMap":{"0":{"start":{"line":1,"column":0},"end":{"line":1,"column":63}},"1":{"start":{"line":7,"column":7},"end":{"line":13,"column":null}},"2":{"start":{"line":7,"column":13},"end":{"line":7,"column":20}},"3":{"start":{"line":9,"column":2},"end":{"line":9,"column":15}},"4":{"start":{"line":12,"column":2},"end":{"line":12,"column":null}},"5":{"start":{"line":7,"column":13},"end":{"line":13,"column":null}},"6":{"start":{"line":15,"column":13},"end":{"line":15,"column":67}}},"fnMap":{},"branchMap":{},"s":{"0":0,"1":0,"2":0,"3":0,"4":0,"5":0,"6":0},"f":{},"b":{}}
,"C:\\Users\\smnam\\OneDrive\\Desktop\\sw cons prj\\restaurant-reservation-system\\backend\\src\\common\\utils\\validators.ts": {"path":"C:\\Users\\smnam\\OneDrive\\Desktop\\sw cons prj\\restaurant-reservation-system\\backend\\src\\common\\utils\\validators.ts","statementMap":{"0":{"start":{"line":1,"column":29},"end":{"line":4,"column":1}},"1":{"start":{"line":2,"column":16},"end":{"line":2,"column":44}},"2":{"start":{"line":3,"column":2},"end":{"line":3,"column":27}},"3":{"start":{"line":1,"column":13},"end":{"line":1,"column":29}},"4":{"start":{"line":6,"column":32},"end":{"line":8,"column":1}},"5":{"start":{"line":7,"column":2},"end":{"line":7,"column":62}},"6":{"start":{"line":6,"column":13},"end":{"line":6,"column":32}}},"fnMap":{"0":{"name":"(anonymous_0)","decl":{"start":{"line":1,"column":29},"end":{"line":1,"column":30}},"loc":{"start":{"line":1,"column":56},"end":{"line":4,"column":1}}},"1":{"name":"(anonymous_1)","decl":{"start":{"line":6,"column":32},"end":{"line":6,"column":33}},"loc":{"start":{"line":6,"column":62},"end":{"line":8,"column":1}}}},"branchMap":{"0":{"loc":{"start":{"line":7,"column":9},"end":{"line":7,"column":61}},"type":"binary-expr","locations":[{"start":{"line":7,"column":9},"end":{"line":7,"column":37}},{"start":{"line":7,"column":41},"end":{"line":7,"column":61}}]}},"s":{"0":0,"1":0,"2":0,"3":0,"4":0,"5":0,"6":0},"f":{"0":0,"1":0},"b":{"0":[0,0]}}
,"C:\\Users\\smnam\\OneDrive\\Desktop\\sw cons prj\\restaurant-reservation-system\\backend\\src\\dashboard\\dashboard.controller.ts": {"path":"C:\\Users\\smnam\\OneDrive\\Desktop\\sw cons prj\\restaurant-reservation-system\\backend\\src\\dashboard\\dashboard.controller.ts","statementMap":{"0":{"start":{"line":1,"column":0},"end":{"line":1,"column":60}},"1":{"start":{"line":2,"column":0},"end":{"line":2,"column":55}},"2":{"start":{"line":3,"column":0},"end":{"line":3,"column":56}},"3":{"start":{"line":4,"column":0},"end":{"line":4,"column":56}},"4":{"start":{"line":5,"column":0},"end":{"line":5,"column":59}},"5":{"start":{"line":8,"column":7},"end":{"line":24,"column":null}},"6":{"start":{"line":9,"column":31},"end":{"line":9,"column":49}},"7":{"start":{"line":15,"column":4},"end":{"line":15,"column":49}},"8":{"start":{"line":22,"column":4},"end":{"line":22,"column":53}},"9":{"start":{"line":8,"column":13},"end":{"line":8,"column":32}},"10":{"start":{"line":14,"column":8},"end":{"line":16,"column":null}},"11":{"start":{"line":21,"column":8},"end":{"line":23,"column":null}},"12":{"start":{"line":8,"column":13},"end":{"line":24,"column":null}}},"fnMap":{"0":{"name":"(anonymous_2)","decl":{"start":{"line":9,"column":2},"end":{"line":9,"column":31}},"loc":{"start":{"line":9,"column":65},"end":{"line":9,"column":69}}},"1":{"name":"(anonymous_3)","decl":{"start":{"line":14,"column":8},"end":{"line":14,"column":21}},"loc":{"start":{"line":14,"column":21},"end":{"line":16,"column":3}}},"2":{"name":"(anonymous_4)","decl":{"start":{"line":21,"column":8},"end":{"line":21,"column":25}},"loc":{"start":{"line":21,"column":25},"end":{"line":23,"column":3}}}},"branchMap":{"0":{"loc":{"start":{"line":9,"column":49},"end":{"line":9,"column":68}},"type":"cond-expr","locations":[{"start":{"line":9,"column":65},"end":{"line":9,"column":68}},{"start":{"line":9,"column":65},"end":{"line":9,"column":68}}]},"1":{"loc":{"start":{"line":9,"column":49},"end":{"line":9,"column":65}},"type":"binary-expr","locations":[{"start":{"line":9,"column":49},"end":{"line":9,"column":68}},{"start":{"line":9,"column":49},"end":{"line":9,"column":65}}]}},"s":{"0":1,"1":1,"2":1,"3":1,"4":1,"5":1,"6":11,"7":7,"8":1,"9":1,"10":1,"11":1,"12":1},"f":{"0":11,"1":7,"2":1},"b":{"0":[1,0],"1":[1,1]}}
,"C:\\Users\\smnam\\OneDrive\\Desktop\\sw cons prj\\restaurant-reservation-system\\backend\\src\\dashboard\\dashboard.service.ts": {"path":"C:\\Users\\smnam\\OneDrive\\Desktop\\sw cons prj\\restaurant-reservation-system\\backend\\src\\dashboard\\dashboard.service.ts","statementMap":{"0":{"start":{"line":1,"column":0},"end":{"line":1,"column":44}},"1":{"start":{"line":2,"column":0},"end":{"line":2,"column":47}},"2":{"start":{"line":3,"column":0},"end":{"line":3,"column":33}},"3":{"start":{"line":4,"column":0},"end":{"line":4,"column":72}},"4":{"start":{"line":5,"column":0},"end":{"line":5,"column":58}},"5":{"start":{"line":6,"column":0},"end":{"line":6,"column":64}},"6":{"start":{"line":7,"column":0},"end":{"line":7,"column":84}},"7":{"start":{"line":8,"column":0},"end":{"line":8,"column":77}},"8":{"start":{"line":11,"column":7},"end":{"line":204,"column":null}},"9":{"start":{"line":14,"column":12},"end":{"line":14,"column":30}},"10":{"start":{"line":16,"column":12},"end":{"line":16,"column":24}},"11":{"start":{"line":18,"column":12},"end":{"line":18,"column":27}},"12":{"start":{"line":20,"column":12},"end":{"line":20,"column":37}},"13":{"start":{"line":22,"column":12},"end":{"line":22,"column":31}},"14":{"start":{"line":27,"column":30},"end":{"line":27,"column":74}},"15":{"start":{"line":30,"column":24},"end":{"line":30,"column":62}},"16":{"start":{"line":33,"column":26},"end":{"line":40,"column":6}},"17":{"start":{"line":41,"column":25},"end":{"line":41,"column":85}},"18":{"start":{"line":44,"column":25},"end":{"line":81,"column":6}},"19":{"start":{"line":84,"column":36},"end":{"line":84,"column":87}},"20":{"start":{"line":85,"column":30},"end":{"line":85,"column":75}},"21":{"start":{"line":86,"column":26},"end":{"line":86,"column":69}},"22":{"start":{"line":89,"column":35},"end":{"line":97,"column":6}},"23":{"start":{"line":99,"column":6},"end":{"line":101,"column":11}},"24":{"start":{"line":104,"column":29},"end":{"line":112,"column":6}},"25":{"start":{"line":114,"column":6},"end":{"line":116,"column":11}},"26":{"start":{"line":120,"column":6},"end":{"line":124,"column":11}},"27":{"start":{"line":127,"column":38},"end":{"line":129,"column":6}},"28":{"start":{"line":130,"column":32},"end":{"line":132,"column":6}},"29":{"start":{"line":133,"column":33},"end":{"line":133,"column":80}},"30":{"start":{"line":136,"column":38},"end":{"line":138,"column":6}},"31":{"start":{"line":139,"column":32},"end":{"line":141,"column":6}},"32":{"start":{"line":142,"column":33},"end":{"line":142,"column":80}},"33":{"start":{"line":144,"column":4},"end":{"line":157,"column":6}},"34":{"start":{"line":161,"column":31},"end":{"line":165,"column":13}},"35":{"start":{"line":167,"column":25},"end":{"line":171,"column":13}},"36":{"start":{"line":173,"column":27},"end":{"line":177,"column":13}},"37":{"start":{"line":179,"column":23},"end":{"line":198,"column":6}},"38":{"start":{"line":180,"column":45},"end":{"line":185,"column":8}},"39":{"start":{"line":186,"column":39},"end":{"line":191,"column":8}},"40":{"start":{"line":192,"column":41},"end":{"line":197,"column":8}},"41":{"start":{"line":200,"column":4},"end":{"line":202,"column":20}},"42":{"start":{"line":201,"column":22},"end":{"line":201,"column":77}},"43":{"start":{"line":11,"column":13},"end":{"line":11,"column":29}},"44":{"start":{"line":11,"column":13},"end":{"line":204,"column":null}}},"fnMap":{"0":{"name":"(anonymous_4)","decl":{"start":{"line":12,"column":2},"end":{"line":12,"column":null}},"loc":{"start":{"line":22,"column":50},"end":{"line":23,"column":6}}},"1":{"name":"(anonymous_5)","decl":{"start":{"line":25,"column":2},"end":{"line":25,"column":7}},"loc":{"start":{"line":25,"column":21},"end":{"line":158,"column":3}}},"2":{"name":"(anonymous_6)","decl":{"start":{"line":160,"column":2},"end":{"line":160,"column":7}},"loc":{"start":{"line":160,"column":25},"end":{"line":203,"column":3}}},"3":{"name":"(anonymous_7)","decl":{"start":{"line":180,"column":32},"end":{"line":180,"column":33}},"loc":{"start":{"line":180,"column":45},"end":{"line":185,"column":8}}},"4":{"name":"(anonymous_8)","decl":{"start":{"line":186,"column":26},"end":{"line":186,"column":27}},"loc":{"start":{"line":186,"column":39},"end":{"line":191,"column":8}}},"5":{"name":"(anonymous_9)","decl":{"start":{"line":192,"column":28},"end":{"line":192,"column":29}},"loc":{"start":{"line":192,"column":41},"end":{"line":197,"column":8}}},"6":{"name":"(anonymous_10)","decl":{"start":{"line":201,"column":12},"end":{"line":201,"column":13}},"loc":{"start":{"line":201,"column":22},"end":{"line":201,"column":77}}}},"branchMap":{"0":{"loc":{"start":{"line":41,"column":25},"end":{"line":41,"column":85}},"type":"cond-expr","locations":[{"start":{"line":41,"column":52},"end":{"line":41,"column":81}},{"start":{"line":41,"column":84},"end":{"line":41,"column":85}}]},"1":{"loc":{"start":{"line":99,"column":6},"end":{"line":101,"column":11}},"type":"cond-expr","locations":[{"start":{"line":100,"column":10},"end":{"line":100,"column":49}},{"start":{"line":101,"column":10},"end":{"line":101,"column":11}}]},"2":{"loc":{"start":{"line":99,"column":6},"end":{"line":99,"column":78}},"type":"binary-expr","locations":[{"start":{"line":99,"column":6},"end":{"line":99,"column":39}},{"start":{"line":99,"column":43},"end":{"line":99,"column":78}}]},"3":{"loc":{"start":{"line":114,"column":6},"end":{"line":116,"column":11}},"type":"cond-expr","locations":[{"start":{"line":115,"column":10},"end":{"line":115,"column":43}},{"start":{"line":116,"column":10},"end":{"line":116,"column":11}}]},"4":{"loc":{"start":{"line":114,"column":6},"end":{"line":114,"column":66}},"type":"binary-expr","locations":[{"start":{"line":114,"column":6},"end":{"line":114,"column":33}},{"start":{"line":114,"column":37},"end":{"line":114,"column":66}}]},"5":{"loc":{"start":{"line":120,"column":6},"end":{"line":124,"column":11}},"type":"cond-expr","locations":[{"start":{"line":121,"column":10},"end":{"line":123,"column":23}},{"start":{"line":124,"column":10},"end":{"line":124,"column":11}}]},"6":{"loc":{"start":{"line":182,"column":14},"end":{"line":182,"column":35}},"type":"binary-expr","locations":[{"start":{"line":182,"column":14},"end":{"line":182,"column":25}},{"start":{"line":182,"column":29},"end":{"line":182,"column":35}}]},"7":{"loc":{"start":{"line":14,"column":30},"end":{"line":14,"column":48}},"type":"cond-expr","locations":[{"start":{"line":14,"column":35},"end":{"line":14,"column":48}},{"start":{"line":14,"column":35},"end":{"line":14,"column":48}}]},"8":{"loc":{"start":{"line":14,"column":30},"end":{"line":14,"column":35}},"type":"binary-expr","locations":[{"start":{"line":14,"column":30},"end":{"line":14,"column":48}},{"start":{"line":14,"column":30},"end":{"line":14,"column":35}}]},"9":{"loc":{"start":{"line":14,"column":35},"end":{"line":16,"column":36}},"type":"cond-expr","locations":[{"start":{"line":16,"column":29},"end":{"line":16,"column":36}},{"start":{"line":16,"column":29},"end":{"line":16,"column":36}}]},"10":{"loc":{"start":{"line":14,"column":35},"end":{"line":16,"column":29}},"type":"binary-expr","locations":[{"start":{"line":14,"column":35},"end":{"line":16,"column":36}},{"start":{"line":16,"column":24},"end":{"line":16,"column":29}}]},"11":{"loc":{"start":{"line":16,"column":29},"end":{"line":18,"column":42}},"type":"cond-expr","locations":[{"start":{"line":18,"column":32},"end":{"line":18,"column":42}},{"start":{"line":18,"column":32},"end":{"line":18,"column":42}}]},"12":{"loc":{"start":{"line":16,"column":29},"end":{"line":18,"column":32}},"type":"binary-expr","locations":[{"start":{"line":16,"column":29},"end":{"line":18,"column":42}},{"start":{"line":18,"column":27},"end":{"line":18,"column":32}}]},"13":{"loc":{"start":{"line":18,"column":32},"end":{"line":20,"column":62}},"type":"cond-expr","locations":[{"start":{"line":20,"column":42},"end":{"line":20,"column":62}},{"start":{"line":20,"column":42},"end":{"line":20,"column":62}}]},"14":{"loc":{"start":{"line":18,"column":32},"end":{"line":20,"column":42}},"type":"binary-expr","locations":[{"start":{"line":18,"column":32},"end":{"line":20,"column":62}},{"start":{"line":20,"column":37},"end":{"line":20,"column":42}}]},"15":{"loc":{"start":{"line":20,"column":42},"end":{"line":22,"column":50}},"type":"cond-expr","locations":[{"start":{"line":22,"column":36},"end":{"line":22,"column":50}},{"start":{"line":22,"column":36},"end":{"line":22,"column":50}}]},"16":{"loc":{"start":{"line":20,"column":42},"end":{"line":22,"column":36}},"type":"binary-expr","locations":[{"start":{"line":20,"column":42},"end":{"line":22,"column":50}},{"start":{"line":22,"column":31},"end":{"line":22,"column":36}}]}},"s":{"0":2,"1":2,"2":2,"3":2,"4":2,"5":2,"6":2,"7":2,"8":2,"9":29,"10":29,"11":29,"12":29,"13":29,"14":28,"15":27,"16":26,"17":25,"18":25,"19":25,"20":24,"21":23,"22":23,"23":22,"24":22,"25":21,"26":21,"27":21,"28":21,"29":21,"30":21,"31":21,"32":21,"33":21,"34":1,"35":1,"36":1,"37":1,"38":1,"39":1,"40":1,"41":1,"42":2,"43":2,"44":2},"f":{"0":29,"1":28,"2":1,"3":1,"4":1,"5":1,"6":2},"b":{"0":[3,22],"1":[8,14],"2":[22,10],"3":[8,13],"4":[21,10],"5":[12,9],"6":[1,0],"7":[2,0],"8":[2,2],"9":[2,0],"10":[2,2],"11":[2,0],"12":[2,2],"13":[2,0],"14":[2,2],"15":[2,0],"16":[2,2]}}
,"C:\\Users\\smnam\\OneDrive\\Desktop\\sw cons prj\\restaurant-reservation-system\\backend\\src\\feedback\\feedback.controller.ts": {"path":"C:\\Users\\smnam\\OneDrive\\Desktop\\sw cons prj\\restaurant-reservation-system\\backend\\src\\feedback\\feedback.controller.ts","statementMap":{"0":{"start":{"line":1,"column":0},"end":{"line":1,"column":122}},"1":{"start":{"line":2,"column":0},"end":{"line":2,"column":53}},"2":{"start":{"line":3,"column":0},"end":{"line":3,"column":56}},"3":{"start":{"line":4,"column":0},"end":{"line":4,"column":56}},"4":{"start":{"line":5,"column":0},"end":{"line":5,"column":59}},"5":{"start":{"line":7,"column":7},"end":{"line":194,"column":null}},"6":{"start":{"line":8,"column":31},"end":{"line":8,"column":48}},"7":{"start":{"line":17,"column":19},"end":{"line":17,"column":30}},"8":{"start":{"line":19,"column":4},"end":{"line":19,"column":82}},"9":{"start":{"line":27,"column":2},"end":{"line":27,"column":58}},"10":{"start":{"line":40,"column":18},"end":{"line":40,"column":29}},"11":{"start":{"line":42,"column":2},"end":{"line":46,"column":4}},"12":{"start":{"line":52,"column":2},"end":{"line":52,"column":59}},"13":{"start":{"line":58,"column":2},"end":{"line":58,"column":59}},"14":{"start":{"line":63,"column":2},"end":{"line":63,"column":59}},"15":{"start":{"line":71,"column":2},"end":{"line":71,"column":61}},"16":{"start":{"line":78,"column":2},"end":{"line":78,"column":60}},"17":{"start":{"line":90,"column":17},"end":{"line":90,"column":28}},"18":{"start":{"line":93,"column":2},"end":{"line":95,"column":3}},"19":{"start":{"line":94,"column":4},"end":{"line":94,"column":37}},"20":{"start":{"line":97,"column":2},"end":{"line":102,"column":4}},"21":{"start":{"line":112,"column":2},"end":{"line":112,"column":69}},"22":{"start":{"line":127,"column":18},"end":{"line":127,"column":29}},"23":{"start":{"line":129,"column":2},"end":{"line":133,"column":4}},"24":{"start":{"line":140,"column":2},"end":{"line":140,"column":63}},"25":{"start":{"line":146,"column":2},"end":{"line":146,"column":63}},"26":{"start":{"line":154,"column":2},"end":{"line":154,"column":65}},"27":{"start":{"line":165,"column":19},"end":{"line":165,"column":44}},"28":{"start":{"line":166,"column":2},"end":{"line":166,"column":61}},"29":{"start":{"line":175,"column":18},"end":{"line":175,"column":81}},"30":{"start":{"line":176,"column":2},"end":{"line":178,"column":3}},"31":{"start":{"line":177,"column":4},"end":{"line":177,"column":65}},"32":{"start":{"line":179,"column":2},"end":{"line":179,"column":65}},"33":{"start":{"line":186,"column":18},"end":{"line":186,"column":75}},"34":{"start":{"line":187,"column":2},"end":{"line":189,"column":3}},"35":{"start":{"line":188,"column":4},"end":{"line":188,"column":59}},"36":{"start":{"line":190,"column":2},"end":{"line":190,"column":59}},"37":{"start":{"line":7,"column":13},"end":{"line":7,"column":31}},"38":{"start":{"line":12,"column":8},"end":{"line":20,"column":null}},"39":{"start":{"line":26,"column":6},"end":{"line":28,"column":null}},"40":{"start":{"line":35,"column":6},"end":{"line":47,"column":null}},"41":{"start":{"line":51,"column":6},"end":{"line":53,"column":null}},"42":{"start":{"line":57,"column":6},"end":{"line":59,"column":null}},"43":{"start":{"line":62,"column":6},"end":{"line":64,"column":null}},"44":{"start":{"line":70,"column":6},"end":{"line":72,"column":null}},"45":{"start":{"line":77,"column":6},"end":{"line":79,"column":null}},"46":{"start":{"line":84,"column":6},"end":{"line":103,"column":null}},"47":{"start":{"line":109,"column":6},"end":{"line":113,"column":null}},"48":{"start":{"line":122,"column":6},"end":{"line":134,"column":null}},"49":{"start":{"line":139,"column":6},"end":{"line":141,"column":null}},"50":{"start":{"line":145,"column":6},"end":{"line":147,"column":null}},"51":{"start":{"line":153,"column":6},"end":{"line":155,"column":null}},"52":{"start":{"line":163,"column":6},"end":{"line":167,"column":null}},"53":{"start":{"line":174,"column":6},"end":{"line":180,"column":null}},"54":{"start":{"line":185,"column":6},"end":{"line":191,"column":null}},"55":{"start":{"line":7,"column":13},"end":{"line":194,"column":null}}},"fnMap":{"0":{"name":"(anonymous_4)","decl":{"start":{"line":8,"column":2},"end":{"line":8,"column":31}},"loc":{"start":{"line":8,"column":63},"end":{"line":8,"column":67}}},"1":{"name":"(anonymous_5)","decl":{"start":{"line":12,"column":8},"end":{"line":12,"column":32}},"loc":{"start":{"line":15,"column":14},"end":{"line":20,"column":3}}},"2":{"name":"(anonymous_6)","decl":{"start":{"line":26,"column":0},"end":{"line":26,"column":5}},"loc":{"start":{"line":26,"column":31},"end":{"line":28,"column":1}}},"3":{"name":"(anonymous_7)","decl":{"start":{"line":35,"column":6},"end":{"line":35,"column":29}},"loc":{"start":{"line":38,"column":12},"end":{"line":47,"column":1}}},"4":{"name":"(anonymous_8)","decl":{"start":{"line":51,"column":6},"end":{"line":51,"column":32}},"loc":{"start":{"line":51,"column":32},"end":{"line":53,"column":1}}},"5":{"name":"(anonymous_9)","decl":{"start":{"line":57,"column":6},"end":{"line":57,"column":32}},"loc":{"start":{"line":57,"column":32},"end":{"line":59,"column":1}}},"6":{"name":"(anonymous_10)","decl":{"start":{"line":62,"column":6},"end":{"line":62,"column":32}},"loc":{"start":{"line":62,"column":32},"end":{"line":64,"column":1}}},"7":{"name":"(anonymous_11)","decl":{"start":{"line":70,"column":6},"end":{"line":70,"column":34}},"loc":{"start":{"line":70,"column":34},"end":{"line":72,"column":1}}},"8":{"name":"(anonymous_12)","decl":{"start":{"line":77,"column":6},"end":{"line":77,"column":33}},"loc":{"start":{"line":77,"column":33},"end":{"line":79,"column":1}}},"9":{"name":"(anonymous_13)","decl":{"start":{"line":84,"column":6},"end":{"line":84,"column":24}},"loc":{"start":{"line":88,"column":12},"end":{"line":103,"column":1}}},"10":{"name":"(anonymous_14)","decl":{"start":{"line":109,"column":6},"end":{"line":109,"column":32}},"loc":{"start":{"line":110,"column":41},"end":{"line":113,"column":1}}},"11":{"name":"(anonymous_15)","decl":{"start":{"line":122,"column":6},"end":{"line":122,"column":23}},"loc":{"start":{"line":125,"column":12},"end":{"line":134,"column":1}}},"12":{"name":"(anonymous_16)","decl":{"start":{"line":139,"column":6},"end":{"line":139,"column":26}},"loc":{"start":{"line":139,"column":66},"end":{"line":141,"column":1}}},"13":{"name":"(anonymous_17)","decl":{"start":{"line":145,"column":6},"end":{"line":145,"column":26}},"loc":{"start":{"line":145,"column":66},"end":{"line":147,"column":1}}},"14":{"name":"(anonymous_18)","decl":{"start":{"line":153,"column":6},"end":{"line":153,"column":28}},"loc":{"start":{"line":153,"column":68},"end":{"line":155,"column":1}}},"15":{"name":"(anonymous_19)","decl":{"start":{"line":163,"column":6},"end":{"line":163,"column":26}},"loc":{"start":{"line":163,"column":57},"end":{"line":167,"column":1}}},"16":{"name":"(anonymous_20)","decl":{"start":{"line":174,"column":6},"end":{"line":174,"column":30}},"loc":{"start":{"line":174,"column":62},"end":{"line":180,"column":1}}},"17":{"name":"(anonymous_21)","decl":{"start":{"line":185,"column":6},"end":{"line":185,"column":24}},"loc":{"start":{"line":185,"column":56},"end":{"line":191,"column":1}}}},"branchMap":{"0":{"loc":{"start":{"line":93,"column":2},"end":{"line":95,"column":3}},"type":"if","locations":[{"start":{"line":93,"column":2},"end":{"line":95,"column":3}},{"start":{},"end":{}}]},"1":{"loc":{"start":{"line":165,"column":19},"end":{"line":165,"column":44}},"type":"cond-expr","locations":[{"start":{"line":165,"column":27},"end":{"line":165,"column":40}},{"start":{"line":165,"column":43},"end":{"line":165,"column":44}}]},"2":{"loc":{"start":{"line":176,"column":2},"end":{"line":178,"column":3}},"type":"if","locations":[{"start":{"line":176,"column":2},"end":{"line":178,"column":3}},{"start":{},"end":{}}]},"3":{"loc":{"start":{"line":187,"column":2},"end":{"line":189,"column":3}},"type":"if","locations":[{"start":{"line":187,"column":2},"end":{"line":189,"column":3}},{"start":{},"end":{}}]},"4":{"loc":{"start":{"line":8,"column":48},"end":{"line":8,"column":66}},"type":"cond-expr","locations":[{"start":{"line":8,"column":63},"end":{"line":8,"column":66}},{"start":{"line":8,"column":63},"end":{"line":8,"column":66}}]},"5":{"loc":{"start":{"line":8,"column":48},"end":{"line":8,"column":63}},"type":"binary-expr","locations":[{"start":{"line":8,"column":48},"end":{"line":8,"column":66}},{"start":{"line":8,"column":48},"end":{"line":8,"column":63}}]}},"s":{"0":0,"1":0,"2":0,"3":0,"4":0,"5":0,"6":0,"7":0,"8":0,"9":0,"10":0,"11":0,"12":0,"13":0,"14":0,"15":0,"16":0,"17":0,"18":0,"19":0,"20":0,"21":0,"22":0,"23":0,"24":0,"25":0,"26":0,"27":0,"28":0,"29":0,"30":0,"31":0,"32":0,"33":0,"34":0,"35":0,"36":0,"37":0,"38":0,"39":0,"40":0,"41":0,"42":0,"43":0,"44":0,"45":0,"46":0,"47":0,"48":0,"49":0,"50":0,"51":0,"52":0,"53":0,"54":0,"55":0},"f":{"0":0,"1":0,"2":0,"3":0,"4":0,"5":0,"6":0,"7":0,"8":0,"9":0,"10":0,"11":0,"12":0,"13":0,"14":0,"15":0,"16":0,"17":0},"b":{"0":[0,0],"1":[0,0],"2":[0,0],"3":[0,0],"4":[0,0],"5":[0,0]}}
,"C:\\Users\\smnam\\OneDrive\\Desktop\\sw cons prj\\restaurant-reservation-system\\backend\\src\\feedback\\feedback.service.ts": {"path":"C:\\Users\\smnam\\OneDrive\\Desktop\\sw cons prj\\restaurant-reservation-system\\backend\\src\\feedback\\feedback.service.ts","statementMap":{"0":{"start":{"line":1,"column":0},"end":{"line":1,"column":44}},"1":{"start":{"line":2,"column":0},"end":{"line":2,"column":47}},"2":{"start":{"line":3,"column":0},"end":{"line":3,"column":33}},"3":{"start":{"line":4,"column":0},"end":{"line":4,"column":102}},"4":{"start":{"line":5,"column":0},"end":{"line":5,"column":89}},"5":{"start":{"line":9,"column":0},"end":{"line":9,"column":50}},"6":{"start":{"line":12,"column":7},"end":{"line":348,"column":null}},"7":{"start":{"line":14,"column":46},"end":{"line":14,"column":66}},"8":{"start":{"line":15,"column":40},"end":{"line":15,"column":54}},"9":{"start":{"line":22,"column":19},"end":{"line":30,"column":4}},"10":{"start":{"line":33,"column":24},"end":{"line":33,"column":45}},"11":{"start":{"line":36,"column":2},"end":{"line":36,"column":23}},"12":{"start":{"line":44,"column":2},"end":{"line":49,"column":12}},"13":{"start":{"line":61,"column":28},"end":{"line":69,"column":null}},"14":{"start":{"line":72,"column":4},"end":{"line":74,"column":5}},"15":{"start":{"line":73,"column":6},"end":{"line":73,"column":44}},"16":{"start":{"line":76,"column":4},"end":{"line":76,"column":27}},"17":{"start":{"line":83,"column":19},"end":{"line":90,"column":6}},"18":{"start":{"line":93,"column":4},"end":{"line":93,"column":59}},"19":{"start":{"line":99,"column":4},"end":{"line":99,"column":59}},"20":{"start":{"line":106,"column":6},"end":{"line":111,"column":8}},"21":{"start":{"line":113,"column":4},"end":{"line":118,"column":6}},"22":{"start":{"line":126,"column":2},"end":{"line":143,"column":6}},"23":{"start":{"line":134,"column":6},"end":{"line":142,"column":8}},"24":{"start":{"line":135,"column":21},"end":{"line":135,"column":58}},"25":{"start":{"line":136,"column":8},"end":{"line":141,"column":10}},"26":{"start":{"line":151,"column":4},"end":{"line":159,"column":14}},"27":{"start":{"line":177,"column":21},"end":{"line":187,"column":6}},"28":{"start":{"line":189,"column":4},"end":{"line":189,"column":27}},"29":{"start":{"line":198,"column":22},"end":{"line":204,"column":13}},"30":{"start":{"line":207,"column":4},"end":{"line":221,"column":7}},"31":{"start":{"line":208,"column":19},"end":{"line":208,"column":59}},"32":{"start":{"line":209,"column":20},"end":{"line":209,"column":83}},"33":{"start":{"line":211,"column":6},"end":{"line":220,"column":8}},"34":{"start":{"line":235,"column":28},"end":{"line":244,"column":6}},"35":{"start":{"line":246,"column":4},"end":{"line":248,"column":5}},"36":{"start":{"line":247,"column":6},"end":{"line":247,"column":49}},"37":{"start":{"line":250,"column":4},"end":{"line":250,"column":27}},"38":{"start":{"line":257,"column":19},"end":{"line":265,"column":6}},"39":{"start":{"line":268,"column":4},"end":{"line":268,"column":59}},"40":{"start":{"line":273,"column":18},"end":{"line":273,"column":72}},"41":{"start":{"line":275,"column":4},"end":{"line":278,"column":6}},"42":{"start":{"line":287,"column":20},"end":{"line":292,"column":11}},"43":{"start":{"line":294,"column":2},"end":{"line":294,"column":19}},"44":{"start":{"line":302,"column":19},"end":{"line":312,"column":6}},"45":{"start":{"line":315,"column":4},"end":{"line":319,"column":8}},"46":{"start":{"line":315,"column":31},"end":{"line":319,"column":6}},"47":{"start":{"line":326,"column":2},"end":{"line":328,"column":3}},"48":{"start":{"line":327,"column":4},"end":{"line":327,"column":62}},"49":{"start":{"line":330,"column":18},"end":{"line":330,"column":77}},"50":{"start":{"line":332,"column":2},"end":{"line":334,"column":3}},"51":{"start":{"line":333,"column":4},"end":{"line":333,"column":80}},"52":{"start":{"line":336,"column":2},"end":{"line":336,"column":69}},"53":{"start":{"line":341,"column":19},"end":{"line":341,"column":72}},"54":{"start":{"line":342,"column":4},"end":{"line":342,"column":20}},"55":{"start":{"line":12,"column":13},"end":{"line":12,"column":28}},"56":{"start":{"line":12,"column":13},"end":{"line":348,"column":null}}},"fnMap":{"0":{"name":"(anonymous_4)","decl":{"start":{"line":13,"column":2},"end":{"line":13,"column":null}},"loc":{"start":{"line":15,"column":81},"end":{"line":16,"column":4}}},"1":{"name":"(anonymous_5)","decl":{"start":{"line":21,"column":0},"end":{"line":21,"column":5}},"loc":{"start":{"line":21,"column":78},"end":{"line":37,"column":1}}},"2":{"name":"(anonymous_6)","decl":{"start":{"line":43,"column":0},"end":{"line":43,"column":5}},"loc":{"start":{"line":43,"column":31},"end":{"line":50,"column":1}}},"3":{"name":"(anonymous_7)","decl":{"start":{"line":55,"column":0},"end":{"line":55,"column":5}},"loc":{"start":{"line":58,"column":24},"end":{"line":77,"column":3}}},"4":{"name":"(anonymous_8)","decl":{"start":{"line":82,"column":0},"end":{"line":82,"column":5}},"loc":{"start":{"line":82,"column":32},"end":{"line":94,"column":3}}},"5":{"name":"(anonymous_9)","decl":{"start":{"line":98,"column":0},"end":{"line":98,"column":5}},"loc":{"start":{"line":98,"column":32},"end":{"line":100,"column":3}}},"6":{"name":"(anonymous_10)","decl":{"start":{"line":104,"column":2},"end":{"line":104,"column":7}},"loc":{"start":{"line":104,"column":34},"end":{"line":119,"column":3}}},"7":{"name":"(anonymous_11)","decl":{"start":{"line":125,"column":0},"end":{"line":125,"column":5}},"loc":{"start":{"line":125,"column":34},"end":{"line":144,"column":1}}},"8":{"name":"(anonymous_12)","decl":{"start":{"line":133,"column":10},"end":{"line":133,"column":19}},"loc":{"start":{"line":134,"column":6},"end":{"line":142,"column":8}}},"9":{"name":"(anonymous_13)","decl":{"start":{"line":134,"column":20},"end":{"line":134,"column":22}},"loc":{"start":{"line":134,"column":25},"end":{"line":142,"column":7}}},"10":{"name":"(anonymous_14)","decl":{"start":{"line":150,"column":2},"end":{"line":150,"column":7}},"loc":{"start":{"line":150,"column":35},"end":{"line":160,"column":3}}},"11":{"name":"(anonymous_16)","decl":{"start":{"line":196,"column":2},"end":{"line":196,"column":7}},"loc":{"start":{"line":196,"column":53},"end":{"line":222,"column":3}}},"12":{"name":"(anonymous_17)","decl":{"start":{"line":207,"column":25},"end":{"line":207,"column":27}},"loc":{"start":{"line":207,"column":30},"end":{"line":221,"column":5}}},"13":{"name":"(anonymous_18)","decl":{"start":{"line":229,"column":2},"end":{"line":229,"column":7}},"loc":{"start":{"line":232,"column":24},"end":{"line":251,"column":3}}},"14":{"name":"(anonymous_19)","decl":{"start":{"line":256,"column":2},"end":{"line":256,"column":7}},"loc":{"start":{"line":256,"column":47},"end":{"line":269,"column":3}}},"15":{"name":"(anonymous_20)","decl":{"start":{"line":272,"column":2},"end":{"line":272,"column":7}},"loc":{"start":{"line":272,"column":47},"end":{"line":279,"column":3}}},"16":{"name":"(anonymous_21)","decl":{"start":{"line":286,"column":0},"end":{"line":286,"column":5}},"loc":{"start":{"line":286,"column":47},"end":{"line":295,"column":1}}},"17":{"name":"(anonymous_22)","decl":{"start":{"line":301,"column":2},"end":{"line":301,"column":7}},"loc":{"start":{"line":301,"column":46},"end":{"line":320,"column":3}}},"18":{"name":"(anonymous_23)","decl":{"start":{"line":315,"column":22},"end":{"line":315,"column":26}},"loc":{"start":{"line":315,"column":31},"end":{"line":319,"column":6}}},"19":{"name":"(anonymous_24)","decl":{"start":{"line":325,"column":0},"end":{"line":325,"column":5}},"loc":{"start":{"line":325,"column":49},"end":{"line":337,"column":1}}},"20":{"name":"(anonymous_25)","decl":{"start":{"line":340,"column":2},"end":{"line":340,"column":7}},"loc":{"start":{"line":340,"column":45},"end":{"line":343,"column":3}}}},"branchMap":{"0":{"loc":{"start":{"line":72,"column":4},"end":{"line":74,"column":5}},"type":"if","locations":[{"start":{"line":72,"column":4},"end":{"line":74,"column":5}},{"start":{},"end":{}}]},"1":{"loc":{"start":{"line":93,"column":11},"end":{"line":93,"column":58}},"type":"cond-expr","locations":[{"start":{"line":93,"column":31},"end":{"line":93,"column":54}},{"start":{"line":93,"column":57},"end":{"line":93,"column":58}}]},"2":{"loc":{"start":{"line":137,"column":20},"end":{"line":137,"column":45}},"type":"binary-expr","locations":[{"start":{"line":137,"column":20},"end":{"line":137,"column":30}},{"start":{"line":137,"column":34},"end":{"line":137,"column":45}}]},"3":{"loc":{"start":{"line":209,"column":20},"end":{"line":209,"column":83}},"type":"cond-expr","locations":[{"start":{"line":209,"column":34},"end":{"line":209,"column":76}},{"start":{"line":209,"column":79},"end":{"line":209,"column":83}}]},"4":{"loc":{"start":{"line":216,"column":22},"end":{"line":216,"column":38}},"type":"binary-expr","locations":[{"start":{"line":216,"column":22},"end":{"line":216,"column":30}},{"start":{"line":216,"column":34},"end":{"line":216,"column":38}}]},"5":{"loc":{"start":{"line":217,"column":19},"end":{"line":217,"column":39}},"type":"binary-expr","locations":[{"start":{"line":217,"column":19},"end":{"line":217,"column":31}},{"start":{"line":217,"column":35},"end":{"line":217,"column":39}}]},"6":{"loc":{"start":{"line":218,"column":19},"end":{"line":218,"column":44}},"type":"cond-expr","locations":[{"start":{"line":218,"column":27},"end":{"line":218,"column":37}},{"start":{"line":218,"column":40},"end":{"line":218,"column":44}}]},"7":{"loc":{"start":{"line":246,"column":4},"end":{"line":248,"column":5}},"type":"if","locations":[{"start":{"line":246,"column":4},"end":{"line":248,"column":5}},{"start":{},"end":{}}]},"8":{"loc":{"start":{"line":268,"column":11},"end":{"line":268,"column":58}},"type":"cond-expr","locations":[{"start":{"line":268,"column":31},"end":{"line":268,"column":54}},{"start":{"line":268,"column":57},"end":{"line":268,"column":58}}]},"9":{"loc":{"start":{"line":301,"column":29},"end":{"line":301,"column":46}},"type":"default-arg","locations":[{"start":{"line":301,"column":45},"end":{"line":301,"column":46}}]},"10":{"loc":{"start":{"line":326,"column":2},"end":{"line":328,"column":3}},"type":"if","locations":[{"start":{"line":326,"column":2},"end":{"line":328,"column":3}},{"start":{},"end":{}}]},"11":{"loc":{"start":{"line":332,"column":2},"end":{"line":334,"column":3}},"type":"if","locations":[{"start":{"line":332,"column":2},"end":{"line":334,"column":3}},{"start":{},"end":{}}]},"12":{"loc":{"start":{"line":14,"column":66},"end":{"line":14,"column":99}},"type":"cond-expr","locations":[{"start":{"line":14,"column":71},"end":{"line":14,"column":99}},{"start":{"line":14,"column":71},"end":{"line":14,"column":99}}]},"13":{"loc":{"start":{"line":14,"column":66},"end":{"line":14,"column":71}},"type":"binary-expr","locations":[{"start":{"line":14,"column":66},"end":{"line":14,"column":99}},{"start":{"line":14,"column":66},"end":{"line":14,"column":71}}]},"14":{"loc":{"start":{"line":14,"column":71},"end":{"line":15,"column":81}},"type":"cond-expr","locations":[{"start":{"line":15,"column":59},"end":{"line":15,"column":81}},{"start":{"line":15,"column":59},"end":{"line":15,"column":81}}]},"15":{"loc":{"start":{"line":14,"column":71},"end":{"line":15,"column":59}},"type":"binary-expr","locations":[{"start":{"line":14,"column":71},"end":{"line":15,"column":81}},{"start":{"line":15,"column":54},"end":{"line":15,"column":59}}]}},"s":{"0":0,"1":0,"2":0,"3":0,"4":0,"5":0,"6":0,"7":0,"8":0,"9":0,"10":0,"11":0,"12":0,"13":0,"14":0,"15":0,"16":0,"17":0,"18":0,"19":0,"20":0,"21":0,"22":0,"23":0,"24":0,"25":0,"26":0,"27":0,"28":0,"29":0,"30":0,"31":0,"32":0,"33":0,"34":0,"35":0,"36":0,"37":0,"38":0,"39":0,"40":0,"41":0,"42":0,"43":0,"44":0,"45":0,"46":0,"47":0,"48":0,"49":0,"50":0,"51":0,"52":0,"53":0,"54":0,"55":0,"56":0},"f":{"0":0,"1":0,"2":0,"3":0,"4":0,"5":0,"6":0,"7":0,"8":0,"9":0,"10":0,"11":0,"12":0,"13":0,"14":0,"15":0,"16":0,"17":0,"18":0,"19":0,"20":0},"b":{"0":[0,0],"1":[0,0],"2":[0,0],"3":[0,0],"4":[0,0],"5":[0,0],"6":[0,0],"7":[0,0],"8":[0,0],"9":[0],"10":[0,0],"11":[0,0],"12":[0,0],"13":[0,0],"14":[0,0],"15":[0,0]}}
,"C:\\Users\\smnam\\OneDrive\\Desktop\\sw cons prj\\restaurant-reservation-system\\backend\\src\\feedback\\schemas\\menu-item-feedback.schema.ts": {"path":"C:\\Users\\smnam\\OneDrive\\Desktop\\sw cons prj\\restaurant-reservation-system\\backend\\src\\feedback\\schemas\\menu-item-feedback.schema.ts","statementMap":{"0":{"start":{"line":1,"column":0},"end":{"line":1,"column":63}},"1":{"start":{"line":2,"column":0},"end":{"line":2,"column":42}},"2":{"start":{"line":7,"column":7},"end":{"line":43,"column":null}},"3":{"start":{"line":7,"column":13},"end":{"line":7,"column":25}},"4":{"start":{"line":10,"column":2},"end":{"line":10,"column":26}},"5":{"start":{"line":14,"column":2},"end":{"line":14,"column":30}},"6":{"start":{"line":17,"column":2},"end":{"line":17,"column":null}},"7":{"start":{"line":20,"column":2},"end":{"line":20,"column":null}},"8":{"start":{"line":23,"column":2},"end":{"line":23,"column":null}},"9":{"start":{"line":22,"column":25},"end":{"line":22,"column":35}},"10":{"start":{"line":26,"column":2},"end":{"line":26,"column":null}},"11":{"start":{"line":29,"column":2},"end":{"line":29,"column":null}},"12":{"start":{"line":34,"column":2},"end":{"line":34,"column":28}},"13":{"start":{"line":42,"column":2},"end":{"line":42,"column":null}},"14":{"start":{"line":7,"column":13},"end":{"line":43,"column":null}},"15":{"start":{"line":45,"column":13},"end":{"line":46,"column":45}}},"fnMap":{"0":{"name":"(anonymous_2)","decl":{"start":{"line":22,"column":19},"end":{"line":22,"column":22}},"loc":{"start":{"line":22,"column":25},"end":{"line":22,"column":35}}}},"branchMap":{"0":{"loc":{"start":{"line":10,"column":10},"end":{"line":10,"column":25}},"type":"cond-expr","locations":[{"start":{"line":10,"column":24},"end":{"line":10,"column":25}},{"start":{"line":10,"column":24},"end":{"line":10,"column":25}}]},"1":{"loc":{"start":{"line":10,"column":10},"end":{"line":10,"column":24}},"type":"binary-expr","locations":[{"start":{"line":10,"column":10},"end":{"line":10,"column":16}},{"start":{"line":10,"column":10},"end":{"line":10,"column":24}}]},"2":{"loc":{"start":{"line":14,"column":14},"end":{"line":14,"column":29}},"type":"cond-expr","locations":[{"start":{"line":14,"column":28},"end":{"line":14,"column":29}},{"start":{"line":14,"column":28},"end":{"line":14,"column":29}}]},"3":{"loc":{"start":{"line":14,"column":14},"end":{"line":14,"column":28}},"type":"binary-expr","locations":[{"start":{"line":14,"column":14},"end":{"line":14,"column":20}},{"start":{"line":14,"column":14},"end":{"line":14,"column":28}}]},"4":{"loc":{"start":{"line":23,"column":8},"end":{"line":23,"column":13}},"type":"cond-expr","locations":[{"start":{"line":23,"column":12},"end":{"line":23,"column":13}},{"start":{"line":23,"column":12},"end":{"line":23,"column":13}}]},"5":{"loc":{"start":{"line":23,"column":8},"end":{"line":23,"column":12}},"type":"binary-expr","locations":[{"start":{"line":23,"column":8},"end":{"line":23,"column":13}},{"start":{"line":23,"column":8},"end":{"line":23,"column":12}}]},"6":{"loc":{"start":{"line":29,"column":14},"end":{"line":29,"column":19}},"type":"cond-expr","locations":[{"start":{"line":29,"column":18},"end":{"line":29,"column":19}},{"start":{"line":29,"column":18},"end":{"line":29,"column":19}}]},"7":{"loc":{"start":{"line":29,"column":14},"end":{"line":29,"column":18}},"type":"binary-expr","locations":[{"start":{"line":29,"column":14},"end":{"line":29,"column":19}},{"start":{"line":29,"column":14},"end":{"line":29,"column":18}}]},"8":{"loc":{"start":{"line":34,"column":12},"end":{"line":34,"column":27}},"type":"cond-expr","locations":[{"start":{"line":34,"column":26},"end":{"line":34,"column":27}},{"start":{"line":34,"column":26},"end":{"line":34,"column":27}}]},"9":{"loc":{"start":{"line":34,"column":12},"end":{"line":34,"column":26}},"type":"binary-expr","locations":[{"start":{"line":34,"column":12},"end":{"line":34,"column":18}},{"start":{"line":34,"column":12},"end":{"line":34,"column":26}}]}},"s":{"0":2,"1":2,"2":2,"3":2,"4":2,"5":2,"6":2,"7":2,"8":2,"9":0,"10":2,"11":2,"12":2,"13":2,"14":2,"15":2},"f":{"0":0},"b":{"0":[2,0],"1":[2,2],"2":[2,0],"3":[2,2],"4":[2,0],"5":[2,2],"6":[2,0],"7":[2,2],"8":[2,0],"9":[2,2]}}
[...]
,"C:\\Users\\smnam\\OneDrive\\Desktop\\sw cons prj\\restaurant-reservation-system\\backend\\src\\reservations\\reservations.controller.ts": {"path":"C:\\Users\\smnam\\OneDrive\\Desktop\\sw cons prj\\restaurant-reservation-system\\backend\\src\\reservations\\reservations.controller.ts","statementMap":{"0":{"start":{"line":1,"column":0},"end":{"line":1,"column":null}},"1":{"start":{"line":13,"column":0},"end":{"line":13,"column":60}},"2":{"start":{"line":14,"column":0},"end":{"line":14,"column":68}},"3":{"start":{"line":15,"column":0},"end":{"line":15,"column":68}},"4":{"start":{"line":16,"column":0},"end":{"line":16,"column":43}},"5":{"start":{"line":17,"column":0},"end":{"line":17,"column":56}},"6":{"start":{"line":18,"column":0},"end":{"line":18,"column":56}},"7":{"start":{"line":19,"column":0},"end":{"line":19,"column":59}},"8":{"start":{"line":22,"column":7},"end":{"line":93,"column":null}},"9":{"start":{"line":23,"column":31},"end":{"line":23,"column":51}},"10":{"start":{"line":31,"column":4},"end":{"line":31,"column":60}},"11":{"start":{"line":39,"column":4},"end":{"line":39,"column":66}},"12":{"start":{"line":46,"column":4},"end":{"line":46,"column":68}},"13":{"start":{"line":54,"column":4},"end":{"line":54,"column":45}},"14":{"start":{"line":61,"column":19},"end":{"line":61,"column":70}},"15":{"start":{"line":62,"column":4},"end":{"line":62,"column":55}},"16":{"start":{"line":73,"column":19},"end":{"line":73,"column":70}},"17":{"start":{"line":74,"column":4},"end":{"line":74,"column":59}},"18":{"start":{"line":83,"column":2},"end":{"line":83,"column":88}},"19":{"start":{"line":90,"column":19},"end":{"line":90,"column":70}},"20":{"start":{"line":91,"column":4},"end":{"line":91,"column":54}},"21":{"start":{"line":22,"column":13},"end":{"line":22,"column":34}},"22":{"start":{"line":27,"column":2},"end":{"line":32,"column":null}},"23":{"start":{"line":35,"column":2},"end":{"line":40,"column":null}},"24":{"start":{"line":45,"column":2},"end":{"line":47,"column":null}},"25":{"start":{"line":53,"column":2},"end":{"line":55,"column":null}},"26":{"start":{"line":59,"column":8},"end":{"line":63,"column":null}},"27":{"start":{"line":67,"column":8},"end":{"line":75,"column":null}},"28":{"start":{"line":78,"column":6},"end":{"line":84,"column":null}},"29":{"start":{"line":88,"column":8},"end":{"line":92,"column":null}},"30":{"start":{"line":22,"column":13},"end":{"line":93,"column":null}}},"fnMap":{"0":{"name":"(anonymous_4)","decl":{"start":{"line":23,"column":2},"end":{"line":23,"column":31}},"loc":{"start":{"line":23,"column":69},"end":{"line":23,"column":73}}},"1":{"name":"(anonymous_5)","decl":{"start":{"line":27,"column":2},"end":{"line":27,"column":8}},"loc":{"start":{"line":29,"column":14},"end":{"line":32,"column":3}}},"2":{"name":"(anonymous_6)","decl":{"start":{"line":35,"column":2},"end":{"line":35,"column":14}},"loc":{"start":{"line":37,"column":31},"end":{"line":40,"column":3}}},"3":{"name":"(anonymous_7)","decl":{"start":{"line":45,"column":2},"end":{"line":45,"column":19}},"loc":{"start":{"line":45,"column":30},"end":{"line":47,"column":3}}},"4":{"name":"(anonymous_8)","decl":{"start":{"line":53,"column":2},"end":{"line":53,"column":9}},"loc":{"start":{"line":53,"column":9},"end":{"line":55,"column":3}}},"5":{"name":"(anonymous_9)","decl":{"start":{"line":59,"column":8},"end":{"line":59,"column":15}},"loc":{"start":{"line":59,"column":51},"end":{"line":63,"column":3}}},"6":{"name":"(anonymous_10)","decl":{"start":{"line":67,"column":8},"end":{"line":67,"column":14}},"loc":{"start":{"line":70,"column":14},"end":{"line":75,"column":3}}},"7":{"name":"(anonymous_11)","decl":{"start":{"line":78,"column":6},"end":{"line":78,"column":33}},"loc":{"start":{"line":81,"column":47},"end":{"line":84,"column":1}}},"8":{"name":"(anonymous_12)","decl":{"start":{"line":88,"column":8},"end":{"line":88,"column":14}},"loc":{"start":{"line":88,"column":50},"end":{"line":92,"column":3}}}},"branchMap":{"0":{"loc":{"start":{"line":61,"column":19},"end":{"line":61,"column":70}},"type":"cond-expr","locations":[{"start":{"line":61,"column":47},"end":{"line":61,"column":56}},{"start":{"line":61,"column":59},"end":{"line":61,"column":70}}]},"1":{"loc":{"start":{"line":73,"column":19},"end":{"line":73,"column":70}},"type":"cond-expr","locations":[{"start":{"line":73,"column":47},"end":{"line":73,"column":56}},{"start":{"line":73,"column":59},"end":{"line":73,"column":70}}]},"2":{"loc":{"start":{"line":90,"column":19},"end":{"line":90,"column":70}},"type":"cond-expr","locations":[{"start":{"line":90,"column":47},"end":{"line":90,"column":56}},{"start":{"line":90,"column":59},"end":{"line":90,"column":70}}]},"3":{"loc":{"start":{"line":28,"column":17},"end":{"line":28,"column":null}},"type":"cond-expr","locations":[{"start":{"line":28,"column":37},"end":{"line":28,"column":null}},{"start":{"line":28,"column":37},"end":{"line":28,"column":null}}]},"4":{"loc":{"start":{"line":28,"column":17},"end":{"line":28,"column":37}},"type":"binary-expr","locations":[{"start":{"line":28,"column":17},"end":{"line":28,"column":null}},{"start":{"line":28,"column":17},"end":{"line":28,"column":37}}]},"5":{"loc":{"start":{"line":69,"column":17},"end":{"line":69,"column":null}},"type":"cond-expr","locations":[{"start":{"line":69,"column":37},"end":{"line":69,"column":null}},{"start":{"line":69,"column":37},"end":{"line":69,"column":null}}]},"6":{"loc":{"start":{"line":69,"column":17},"end":{"line":69,"column":37}},"type":"binary-expr","locations":[{"start":{"line":69,"column":17},"end":{"line":69,"column":null}},{"start":{"line":69,"column":17},"end":{"line":69,"column":37}}]},"7":{"loc":{"start":{"line":23,"column":51},"end":{"line":23,"column":72}},"type":"cond-expr","locations":[{"start":{"line":23,"column":69},"end":{"line":23,"column":72}},{"start":{"line":23,"column":69},"end":{"line":23,"column":72}}]},"8":{"loc":{"start":{"line":23,"column":51},"end":{"line":23,"column":69}},"type":"binary-expr","locations":[{"start":{"line":23,"column":51},"end":{"line":23,"column":72}},{"start":{"line":23,"column":51},"end":{"line":23,"column":69}}]}},"s":{"0":0,"1":0,"2":0,"3":0,"4":0,"5":0,"6":0,"7":0,"8":0,"9":0,"10":0,"11":0,"12":0,"13":0,"14":0,"15":0,"16":0,"17":0,"18":0,"19":0,"20":0,"21":0,"22":0,"23":0,"24":0,"25":0,"26":0,"27":0,"28":0,"29":0,"30":0},"f":{"0":0,"1":0,"2":0,"3":0,"4":0,"5":0,"6":0,"7":0,"8":0},"b":{"0":[0,0],"1":[0,0],"2":[0,0],"3":[0,0],"4":[0,0],"5":[0,0],"6":[0,0],"7":[0,0],"8":[0,0]}}
,"C:\\Users\\smnam\\OneDrive\\Desktop\\sw cons prj\\restaurant-reservation-system\\backend\\src\\reservations\\reservations.service.ts": {"path":"C:\\Users\\smnam\\OneDrive\\Desktop\\sw cons prj\\restaurant-reservation-system\\backend\\src\\reservations\\reservations.service.ts","statementMap":{"0":{"start":{"line":1,"column":0},"end":{"line":1,"column":null}},"1":{"start":{"line":7,"column":0},"end":{"line":7,"column":47}},"2":{"start":{"line":8,"column":0},"end":{"line":8,"column":40}},"3":{"start":{"line":9,"column":0},"end":{"line":9,"column":58}},"4":{"start":{"line":14,"column":7},"end":{"line":132,"column":null}},"5":{"start":{"line":17,"column":12},"end":{"line":17,"column":30}},"6":{"start":{"line":22,"column":28},"end":{"line":22,"column":46}},"7":{"start":{"line":23,"column":18},"end":{"line":23,"column":28}},"8":{"start":{"line":24,"column":4},"end":{"line":24,"column":31}},"9":{"start":{"line":26,"column":4},"end":{"line":28,"column":5}},"10":{"start":{"line":27,"column":6},"end":{"line":27,"column":78}},"11":{"start":{"line":31,"column":21},"end":{"line":34,"column":6}},"12":{"start":{"line":36,"column":24},"end":{"line":36,"column":56}},"13":{"start":{"line":36,"column":42},"end":{"line":36,"column":55}},"14":{"start":{"line":39,"column":22},"end":{"line":39,"column":65}},"15":{"start":{"line":39,"column":59},"end":{"line":39,"column":64}},"16":{"start":{"line":40,"column":22},"end":{"line":40,"column":67}},"17":{"start":{"line":40,"column":42},"end":{"line":40,"column":66}},"18":{"start":{"line":42,"column":4},"end":{"line":42,"column":73}},"19":{"start":{"line":42,"column":20},"end":{"line":42,"column":73}},"20":{"start":{"line":45,"column":4},"end":{"line":49,"column":7}},"21":{"start":{"line":53,"column":21},"end":{"line":56,"column":6}},"22":{"start":{"line":58,"column":24},"end":{"line":58,"column":56}},"23":{"start":{"line":58,"column":42},"end":{"line":58,"column":55}},"24":{"start":{"line":59,"column":22},"end":{"line":59,"column":65}},"25":{"start":{"line":59,"column":59},"end":{"line":59,"column":64}},"26":{"start":{"line":61,"column":4},"end":{"line":61,"column":59}},"27":{"start":{"line":61,"column":33},"end":{"line":61,"column":57}},"28":{"start":{"line":65,"column":4},"end":{"line":65,"column":73}},"29":{"start":{"line":69,"column":24},"end":{"line":69,"column":97}},"30":{"start":{"line":71,"column":4},"end":{"line":73,"column":5}},"31":{"start":{"line":72,"column":6},"end":{"line":72,"column":59}},"32":{"start":{"line":76,"column":4},"end":{"line":78,"column":5}},"33":{"start":{"line":77,"column":6},"end":{"line":77,"column":52}},"34":{"start":{"line":80,"column":4},"end":{"line":80,"column":23}},"35":{"start":{"line":83,"column":22},"end":{"line":83,"column":62}},"36":{"start":{"line":85,"column":2},"end":{"line":87,"column":3}},"37":{"start":{"line":86,"column":4},"end":{"line":86,"column":57}},"38":{"start":{"line":90,"column":2},"end":{"line":92,"column":3}},"39":{"start":{"line":91,"column":4},"end":{"line":91,"column":50}},"40":{"start":{"line":94,"column":2},"end":{"line":94,"column":73}},"41":{"start":{"line":98,"column":19},"end":{"line":102,"column":4}},"42":{"start":{"line":104,"column":22},"end":{"line":104,"column":54}},"43":{"start":{"line":104,"column":40},"end":{"line":104,"column":53}},"44":{"start":{"line":105,"column":20},"end":{"line":105,"column":63}},"45":{"start":{"line":105,"column":57},"end":{"line":105,"column":62}},"46":{"start":{"line":107,"column":2},"end":{"line":107,"column":57}},"47":{"start":{"line":107,"column":31},"end":{"line":107,"column":55}},"48":{"start":{"line":111,"column":22},"end":{"line":111,"column":62}},"49":{"start":{"line":113,"column":2},"end":{"line":115,"column":3}},"50":{"start":{"line":114,"column":4},"end":{"line":114,"column":57}},"51":{"start":{"line":118,"column":2},"end":{"line":120,"column":3}},"52":{"start":{"line":119,"column":4},"end":{"line":119,"column":50}},"53":{"start":{"line":123,"column":2},"end":{"line":123,"column":53}},"54":{"start":{"line":128,"column":4},"end":{"line":130,"column":40}},"55":{"start":{"line":14,"column":13},"end":{"line":14,"column":31}},"56":{"start":{"line":14,"column":13},"end":{"line":132,"column":null}}},"fnMap":{"0":{"name":"(anonymous_4)","decl":{"start":{"line":15,"column":2},"end":{"line":15,"column":null}},"loc":{"start":{"line":17,"column":48},"end":{"line":18,"column":6}}},"1":{"name":"(anonymous_5)","decl":{"start":{"line":20,"column":2},"end":{"line":20,"column":7}},"loc":{"start":{"line":20,"column":56},"end":{"line":50,"column":3}}},"2":{"name":"(anonymous_6)","decl":{"start":{"line":36,"column":37},"end":{"line":36,"column":38}},"loc":{"start":{"line":36,"column":42},"end":{"line":36,"column":55}}},"3":{"name":"(anonymous_7)","decl":{"start":{"line":39,"column":49},"end":{"line":39,"column":50}},"loc":{"start":{"line":39,"column":59},"end":{"line":39,"column":64}}},"4":{"name":"(anonymous_8)","decl":{"start":{"line":40,"column":37},"end":{"line":40,"column":38}},"loc":{"start":{"line":40,"column":42},"end":{"line":40,"column":66}}},"5":{"name":"(anonymous_9)","decl":{"start":{"line":52,"column":2},"end":{"line":52,"column":7}},"loc":{"start":{"line":52,"column":53},"end":{"line":62,"column":3}}},"6":{"name":"(anonymous_10)","decl":{"start":{"line":58,"column":37},"end":{"line":58,"column":38}},"loc":{"start":{"line":58,"column":42},"end":{"line":58,"column":55}}},"7":{"name":"(anonymous_11)","decl":{"start":{"line":59,"column":49},"end":{"line":59,"column":50}},"loc":{"start":{"line":59,"column":59},"end":{"line":59,"column":64}}},"8":{"name":"(anonymous_12)","decl":{"start":{"line":61,"column":28},"end":{"line":61,"column":29}},"loc":{"start":{"line":61,"column":33},"end":{"line":61,"column":57}}},"9":{"name":"(anonymous_13)","decl":{"start":{"line":64,"column":2},"end":{"line":64,"column":7}},"loc":{"start":{"line":64,"column":15},"end":{"line":66,"column":3}}},"10":{"name":"(anonymous_14)","decl":{"start":{"line":68,"column":2},"end":{"line":68,"column":7}},"loc":{"start":{"line":68,"column":43},"end":{"line":81,"column":3}}},"11":{"name":"(anonymous_15)","decl":{"start":{"line":82,"column":0},"end":{"line":82,"column":5}},"loc":{"start":{"line":82,"column":67},"end":{"line":95,"column":1}}},"12":{"name":"(anonymous_16)","decl":{"start":{"line":96,"column":0},"end":{"line":96,"column":5}},"loc":{"start":{"line":96,"column":90},"end":{"line":108,"column":1}}},"13":{"name":"(anonymous_17)","decl":{"start":{"line":104,"column":35},"end":{"line":104,"column":36}},"loc":{"start":{"line":104,"column":40},"end":{"line":104,"column":53}}},"14":{"name":"(anonymous_18)","decl":{"start":{"line":105,"column":47},"end":{"line":105,"column":48}},"loc":{"start":{"line":105,"column":57},"end":{"line":105,"column":62}}},"15":{"name":"(anonymous_19)","decl":{"start":{"line":107,"column":26},"end":{"line":107,"column":27}},"loc":{"start":{"line":107,"column":31},"end":{"line":107,"column":55}}},"16":{"name":"(anonymous_20)","decl":{"start":{"line":110,"column":0},"end":{"line":110,"column":5}},"loc":{"start":{"line":110,"column":40},"end":{"line":124,"column":1}}},"17":{"name":"(anonymous_21)","decl":{"start":{"line":127,"column":2},"end":{"line":127,"column":7}},"loc":{"start":{"line":127,"column":42},"end":{"line":131,"column":3}}}},"branchMap":{"0":{"loc":{"start":{"line":26,"column":4},"end":{"line":28,"column":5}},"type":"if","locations":[{"start":{"line":26,"column":4},"end":{"line":28,"column":5}},{"start":{},"end":{}}]},"1":{"loc":{"start":{"line":42,"column":4},"end":{"line":42,"column":73}},"type":"if","locations":[{"start":{"line":42,"column":4},"end":{"line":42,"column":73}},{"start":{},"end":{}}]},"2":{"loc":{"start":{"line":71,"column":4},"end":{"line":73,"column":5}},"type":"if","locations":[{"start":{"line":71,"column":4},"end":{"line":73,"column":5}},{"start":{},"end":{}}]},"3":{"loc":{"start":{"line":76,"column":4},"end":{"line":78,"column":5}},"type":"if","locations":[{"start":{"line":76,"column":4},"end":{"line":78,"column":5}},{"start":{},"end":{}}]},"4":{"loc":{"start":{"line":76,"column":8},"end":{"line":76,"column":58}},"type":"binary-expr","locations":[{"start":{"line":76,"column":8},"end":{"line":76,"column":14}},{"start":{"line":76,"column":18},"end":{"line":76,"column":58}}]},"5":{"loc":{"start":{"line":85,"column":2},"end":{"line":87,"column":3}},"type":"if","locations":[{"start":{"line":85,"column":2},"end":{"line":87,"column":3}},{"start":{},"end":{}}]},"6":{"loc":{"start":{"line":90,"column":2},"end":{"line":92,"column":3}},"type":"if","locations":[{"start":{"line":90,"column":2},"end":{"line":92,"column":3}},{"start":{},"end":{}}]},"7":{"loc":{"start":{"line":90,"column":6},"end":{"line":90,"column":67}},"type":"binary-expr","locations":[{"start":{"line":90,"column":6},"end":{"line":90,"column":12}},{"start":{"line":90,"column":16},"end":{"line":90,"column":67}}]},"8":{"loc":{"start":{"line":113,"column":2},"end":{"line":115,"column":3}},"type":"if","locations":[{"start":{"line":113,"column":2},"end":{"line":115,"column":3}},{"start":{},"end":{}}]},"9":{"loc":{"start":{"line":118,"column":2},"end":{"line":120,"column":3}},"type":"if","locations":[{"start":{"line":118,"column":2},"end":{"line":120,"column":3}},{"start":{},"end":{}}]},"10":{"loc":{"start":{"line":118,"column":6},"end":{"line":118,"column":67}},"type":"binary-expr","locations":[{"start":{"line":118,"column":6},"end":{"line":118,"column":12}},{"start":{"line":118,"column":16},"end":{"line":118,"column":67}}]},"11":{"loc":{"start":{"line":17,"column":30},"end":{"line":17,"column":48}},"type":"cond-expr","locations":[{"start":{"line":17,"column":35},"end":{"line":17,"column":48}},{"start":{"line":17,"column":35},"end":{"line":17,"column":48}}]},"12":{"loc":{"start":{"line":17,"column":30},"end":{"line":17,"column":35}},"type":"binary-expr","locations":[{"start":{"line":17,"column":30},"end":{"line":17,"column":48}},{"start":{"line":17,"column":30},"end":{"line":17,"column":35}}]}},"s":{"0":0,"1":0,"2":0,"3":0,"4":0,"5":0,"6":0,"7":0,"8":0,"9":0,"10":0,"11":0,"12":0,"13":0,"14":0,"15":0,"16":0,"17":0,"18":0,"19":0,"20":0,"21":0,"22":0,"23":0,"24":0,"25":0,"26":0,"27":0,"28":0,"29":0,"30":0,"31":0,"32":0,"33":0,"34":0,"35":0,"36":0,"37":0,"38":0,"39":0,"40":0,"41":0,"42":0,"43":0,"44":0,"45":0,"46":0,"47":0,"48":0,"49":0,"50":0,"51":0,"52":0,"53":0,"54":0,"55":0,"56":0},"f":{"0":0,"1":0,"2":0,"3":0,"4":0,"5":0,"6":0,"7":0,"8":0,"9":0,"10":0,"11":0,"12":0,"13":0,"14":0,"15":0,"16":0,"17":0},"b":{"0":[0,0],"1":[0,0],"2":[0,0],"3":[0,0],"4":[0,0],"5":[0,0],"6":[0,0],"7":[0,0],"8":[0,0],"9":[0,0],"10":[0,0],"11":[0,0],"12":[0,0]}}
,"C:\\Users\\smnam\\OneDrive\\Desktop\\sw cons prj\\restaurant-reservation-system\\backend\\src\\reservations\\DTO\\create-reservation.dto.ts": {"path":"C:\\Users\\smnam\\OneDrive\\Desktop\\sw cons prj\\restaurant-reservation-system\\backend\\src\\reservations\\DTO\\create-reservation.dto.ts","statementMap":{"0":{"start":{"line":1,"column":0},"end":{"line":1,"column":109}},"1":{"start":{"line":3,"column":0},"end":{"line":3,"column":13}},"2":{"start":{"line":5,"column":2},"end":{"line":5,"column":null}},"3":{"start":{"line":9,"column":2},"end":{"line":9,"column":null}},"4":{"start":{"line":13,"column":2},"end":{"line":13,"column":null}},"5":{"start":{"line":18,"column":2},"end":{"line":18,"column":null}}},"fnMap":{},"branchMap":{},"s":{"0":0,"1":0,"2":0,"3":0,"4":0,"5":0},"f":{},"b":{}}
,"C:\\Users\\smnam\\OneDrive\\Desktop\\sw cons prj\\restaurant-reservation-system\\backend\\src\\reservations\\DTO\\update-reservation.dto.ts": {"path":"C:\\Users\\smnam\\OneDrive\\Desktop\\sw cons prj\\restaurant-reservation-system\\backend\\src\\reservations\\DTO\\update-reservation.dto.ts","statementMap":{"0":{"start":{"line":1,"column":0},"end":{"line":1,"column":51}},"1":{"start":{"line":2,"column":0},"end":{"line":2,"column":64}},"2":{"start":{"line":4,"column":0},"end":{"line":4,"column":13}}},"fnMap":{},"branchMap":{},"s":{"0":0,"1":0,"2":0},"f":{},"b":{}}
,"C:\\Users\\smnam\\OneDrive\\Desktop\\sw cons prj\\restaurant-reservation-system\\backend\\src\\reservations\\models\\reservation.schema.ts": {"path":"C:\\Users\\smnam\\OneDrive\\Desktop\\sw cons prj\\restaurant-reservation-system\\backend\\src\\reservations\\models\\reservation.schema.ts","statementMap":{"0":{"start":{"line":1,"column":0},"end":{"line":1,"column":63}},"1":{"start":{"line":2,"column":0},"end":{"line":2,"column":43}},"2":{"start":{"line":7,"column":7},"end":{"line":30,"column":null}},"3":{"start":{"line":7,"column":13},"end":{"line":7,"column":24}},"4":{"start":{"line":9,"column":2},"end":{"line":9,"column":null}},"5":{"start":{"line":12,"column":2},"end":{"line":12,"column":null}},"6":{"start":{"line":15,"column":2},"end":{"line":15,"column":17}},"7":{"start":{"line":18,"column":2},"end":{"line":18,"column":17}},"8":{"start":{"line":23,"column":0},"end":{"line":23,"column":null}},"9":{"start":{"line":27,"column":2},"end":{"line":27,"column":null}},"10":{"start":{"line":7,"column":13},"end":{"line":30,"column":null}},"11":{"start":{"line":32,"column":13},"end":{"line":32,"column":75}}},"fnMap":{},"branchMap":{},"s":{"0":2,"1":2,"2":2,"3":2,"4":2,"5":2,"6":2,"7":2,"8":2,"9":2,"10":2,"11":2},"f":{},"b":{}}
}
