TN:
SF:src\app.controller.ts
FN:6,(anonymous_2)
FN:9,(anonymous_3)
FNF:2
FNH:2
FNDA:1,(anonymous_2)
FNDA:1,(anonymous_3)
DA:1,1
DA:2,1
DA:5,1
DA:6,1
DA:9,1
DA:10,1
LF:6
LH:6
BRDA:6,0,0,1
BRDA:6,0,1,0
BRDA:6,1,0,1
BRDA:6,1,1,1
BRF:4
BRH:3
end_of_record
TN:
SF:src\app.service.ts
FN:5,(anonymous_1)
FNF:1
FNH:1
FNDA:1,(anonymous_1)
DA:1,1
DA:4,1
DA:6,1
LF:3
LH:3
BRF:0
BRH:0
end_of_record
TN:
SF:src\main.ts
FN:8,bootstrap
FNF:1
FNH:0
FNDA:0,bootstrap
DA:1,0
DA:2,0
DA:4,0
DA:5,0
DA:9,0
DA:11,0
DA:13,0
DA:20,0
DA:28,0
DA:31,0
LF:10
LH:0
BRF:0
BRH:0
end_of_record
TN:
SF:src\seed-admin.ts
FN:4,seedAdmin
FNF:1
FNH:0
FNDA:0,seedAdmin
DA:1,0
DA:2,0
DA:6,0
DA:7,0
DA:9,0
DA:10,0
DA:11,0
DA:13,0
DA:14,0
DA:17,0
DA:21,0
DA:22,0
DA:23,0
DA:27,0
DA:30,0
DA:39,0
DA:40,0
DA:41,0
DA:42,0
DA:43,0
DA:45,0
DA:47,0
DA:48,0
DA:52,0
LF:24
LH:0
BRDA:21,0,0,0
BRDA:21,0,1,0
BRF:2
BRH:0
end_of_record
TN:
SF:src\auth\auth.controller.ts
FN:34,(anonymous_4)
FN:40,(anonymous_5)
FN:66,(anonymous_6)
FN:107,(anonymous_7)
FN:119,(anonymous_8)
FN:128,(anonymous_9)
FNF:6
FNH:0
FNDA:0,(anonymous_4)
FNDA:0,(anonymous_5)
FNDA:0,(anonymous_6)
FNDA:0,(anonymous_7)
FNDA:0,(anonymous_8)
FNDA:0,(anonymous_9)
DA:1,0
DA:13,0
DA:14,0
DA:15,0
DA:16,0
DA:17,0
DA:18,0
DA:33,0
DA:35,0
DA:36,0
DA:40,0
DA:49,0
DA:53,0
DA:54,0
DA:61,0
DA:66,0
DA:84,0
DA:88,0
DA:89,0
DA:96,0
DA:107,0
DA:108,0
DA:109,0
DA:112,0
DA:113,0
DA:119,0
DA:120,0
DA:121,0
DA:128,0
DA:129,0
DA:130,0
LF:31
LH:0
BRDA:57,0,0,0
BRDA:57,0,1,0
BRDA:92,1,0,0
BRDA:92,1,1,0
BRDA:108,2,0,0
BRDA:108,2,1,0
BRDA:41,3,0,0
BRDA:41,3,1,0
BRDA:41,4,0,0
BRDA:41,4,1,0
BRDA:35,5,0,0
BRDA:35,5,1,0
BRDA:35,6,0,0
BRDA:35,6,1,0
BRDA:35,7,0,0
BRDA:35,7,1,0
BRDA:35,8,0,0
BRDA:35,8,1,0
BRF:18
BRH:0
end_of_record
TN:
SF:src\auth\auth.repository.ts
FN:8,(anonymous_4)
FN:12,(anonymous_5)
FN:16,(anonymous_6)
FN:20,(anonymous_7)
FN:24,(anonymous_8)
FN:29,(anonymous_9)
FN:36,(anonymous_10)
FNF:7
FNH:0
FNDA:0,(anonymous_4)
FNDA:0,(anonymous_5)
FNDA:0,(anonymous_6)
FNDA:0,(anonymous_7)
FNDA:0,(anonymous_8)
FNDA:0,(anonymous_9)
FNDA:0,(anonymous_10)
DA:1,0
DA:2,0
DA:3,0
DA:4,0
DA:7,0
DA:9,0
DA:13,0
DA:17,0
DA:21,0
DA:25,0
DA:26,0
DA:30,0
DA:37,0
LF:13
LH:0
BRDA:9,0,0,0
BRDA:9,0,1,0
BRDA:9,1,0,0
BRDA:9,1,1,0
BRF:4
BRH:0
end_of_record
TN:
SF:src\auth\auth.service.ts
FN:14,(anonymous_11)
FN:19,(anonymous_12)
FN:56,(anonymous_13)
FN:79,(anonymous_14)
FN:86,(anonymous_15)
FN:93,(anonymous_16)
FNF:6
FNH:0
FNDA:0,(anonymous_11)
FNDA:0,(anonymous_12)
FNDA:0,(anonymous_13)
FNDA:0,(anonymous_14)
FNDA:0,(anonymous_15)
FNDA:0,(anonymous_16)
DA:1,0
DA:7,0
DA:8,0
DA:9,0
DA:13,0
DA:15,0
DA:16,0
DA:20,0
DA:22,0
DA:23,0
DA:26,0
DA:27,0
DA:28,0
DA:31,0
DA:32,0
DA:34,0
DA:42,0
DA:44,0
DA:57,0
DA:58,0
DA:60,0
DA:61,0
DA:63,0
DA:64,0
DA:66,0
DA:68,0
DA:80,0
DA:81,0
DA:82,0
DA:87,0
DA:94,0
LF:31
LH:0
BRDA:22,0,0,0
BRDA:22,0,1,0
BRDA:22,1,0,0
BRDA:22,1,1,0
BRDA:22,1,2,0
BRDA:27,2,0,0
BRDA:27,2,1,0
BRDA:39,3,0,0
BRDA:39,3,1,0
BRDA:57,4,0,0
BRDA:57,4,1,0
BRDA:57,5,0,0
BRDA:57,5,1,0
BRDA:61,6,0,0
BRDA:61,6,1,0
BRDA:64,7,0,0
BRDA:64,7,1,0
BRDA:81,8,0,0
BRDA:81,8,1,0
BRDA:15,9,0,0
BRDA:15,9,1,0
BRDA:15,10,0,0
BRDA:15,10,1,0
BRDA:15,11,0,0
BRDA:15,11,1,0
BRDA:15,12,0,0
BRDA:15,12,1,0
BRF:27
BRH:0
end_of_record
TN:
SF:src\auth\users.controller.ts
FN:19,(anonymous_4)
FN:23,(anonymous_5)
FN:33,(anonymous_6)
FN:45,(anonymous_7)
FN:68,(anonymous_8)
FNF:5
FNH:0
FNDA:0,(anonymous_4)
FNDA:0,(anonymous_5)
FNDA:0,(anonymous_6)
FNDA:0,(anonymous_7)
FNDA:0,(anonymous_8)
DA:1,0
DA:10,0
DA:11,0
DA:12,0
DA:13,0
DA:18,0
DA:19,0
DA:23,0
DA:24,0
DA:25,0
DA:33,0
DA:34,0
DA:35,0
DA:37,0
DA:45,0
DA:55,0
DA:57,0
DA:59,0
DA:68,0
DA:69,0
DA:71,0
DA:73,0
LF:22
LH:0
BRDA:35,0,0,0
BRDA:35,0,1,0
BRDA:57,1,0,0
BRDA:57,1,1,0
BRDA:71,2,0,0
BRDA:71,2,1,0
BRDA:19,3,0,0
BRDA:19,3,1,0
BRDA:19,4,0,0
BRDA:19,4,1,0
BRF:10
BRH:0
end_of_record
TN:
SF:src\auth\decorators\roles.decorator.ts
FN:4,(anonymous_0)
FNF:1
FNH:1
FNDA:2,(anonymous_0)
DA:1,1
DA:3,1
DA:4,2
LF:3
LH:3
BRF:0
BRH:0
end_of_record
TN:
SF:src\auth\decorators\user.decorator.ts
FN:4,(anonymous_0)
FNF:1
FNH:0
FNDA:0,(anonymous_0)
DA:1,0
DA:3,0
DA:5,0
DA:6,0
DA:7,0
LF:5
LH:0
BRDA:6,0,0,0
BRDA:6,0,1,0
BRF:2
BRH:0
end_of_record
TN:
SF:src\auth\dto\login.dto.ts
FNF:0
FNH:0
DA:1,0
DA:3,0
DA:5,0
DA:8,0
LF:4
LH:0
BRF:0
BRH:0
end_of_record
TN:
SF:src\auth\dto\register.dto.ts
FNF:0
FNH:0
DA:1,0
DA:3,0
DA:5,0
DA:8,0
DA:11,0
DA:15,0
DA:18,0
LF:7
LH:0
BRF:0
BRH:0
end_of_record
TN:
SF:src\auth\entities\user.schema.ts
FN:31,(anonymous_2)
FNF:1
FNH:0
FNDA:0,(anonymous_2)
DA:1,0
DA:9,0
DA:11,0
DA:14,0
DA:17,0
DA:20,0
DA:23,0
DA:26,0
DA:29,0
DA:31,0
DA:32,0
DA:35,0
DA:37,0
DA:44,0
DA:46,0
LF:15
LH:0
BRDA:32,0,0,0
BRDA:32,0,1,0
BRF:2
BRH:0
end_of_record
TN:
SF:src\auth\guards\jwt.guard.ts
FN:6,(anonymous_1)
FNF:1
FNH:0
FNDA:0,(anonymous_1)
DA:1,1
DA:2,1
DA:5,1
DA:7,0
DA:10,0
DA:13,0
DA:14,0
DA:17,0
LF:8
LH:3
BRDA:13,0,0,0
BRDA:13,0,1,0
BRF:2
BRH:0
end_of_record
TN:
SF:src\auth\guards\roles.guard.ts
FN:7,(anonymous_2)
FN:9,(anonymous_3)
FNF:2
FNH:0
FNDA:0,(anonymous_2)
FNDA:0,(anonymous_3)
DA:1,1
DA:2,1
DA:3,1
DA:6,1
DA:7,0
DA:10,0
DA:14,0
DA:15,0
DA:17,0
DA:18,0
DA:19,0
LF:11
LH:4
BRDA:14,0,0,0
BRDA:14,0,1,0
BRDA:18,1,0,0
BRDA:18,1,1,0
BRDA:7,2,0,1
BRDA:7,2,1,0
BRDA:7,3,0,1
BRDA:7,3,1,1
BRF:8
BRH:3
end_of_record
TN:
SF:src\auth\strategies\jwt.strategy.ts
FN:9,(anonymous_2)
FN:18,(anonymous_3)
FN:35,(anonymous_4)
FNF:3
FNH:0
FNDA:0,(anonymous_2)
FNDA:0,(anonymous_3)
FNDA:0,(anonymous_4)
DA:1,0
DA:2,0
DA:3,0
DA:4,0
DA:5,0
DA:9,0
DA:10,0
DA:11,0
DA:13,0
DA:17,0
DA:19,0
DA:20,0
DA:23,0
DA:25,0
DA:36,0
DA:37,0
DA:39,0
LF:17
LH:0
BRDA:10,0,0,0
BRDA:10,0,1,0
BRDA:10,1,0,0
BRDA:10,1,1,0
BRDA:11,2,0,0
BRDA:11,2,1,0
BRDA:23,3,0,0
BRDA:23,3,1,0
BRDA:37,4,0,0
BRDA:37,4,1,0
BRDA:19,5,0,0
BRDA:19,5,1,0
BRDA:19,6,0,0
BRDA:19,6,1,0
BRDA:19,7,0,0
BRDA:19,7,1,0
BRDA:19,8,0,0
BRDA:19,8,1,0
BRF:18
BRH:0
end_of_record
TN:
SF:src\common\schemas\counter.schema.ts
FNF:0
FNH:0
DA:1,0
DA:7,0
DA:9,0
DA:12,0
DA:15,0
LF:5
LH:0
BRF:0
BRH:0
end_of_record
TN:
SF:src\common\utils\validators.ts
FN:1,(anonymous_0)
FN:6,(anonymous_1)
FNF:2
FNH:0
FNDA:0,(anonymous_0)
FNDA:0,(anonymous_1)
DA:1,0
DA:2,0
DA:3,0
DA:6,0
DA:7,0
LF:5
LH:0
BRDA:7,0,0,0
BRDA:7,0,1,0
BRF:2
BRH:0
end_of_record
TN:
SF:src\dashboard\dashboard.controller.ts
FN:9,(anonymous_2)
FN:14,(anonymous_3)
FN:21,(anonymous_4)
FNF:3
FNH:3
FNDA:11,(anonymous_2)
FNDA:7,(anonymous_3)
FNDA:1,(anonymous_4)
DA:1,1
DA:2,1
DA:3,1
DA:4,1
DA:5,1
DA:8,1
DA:9,11
DA:14,1
DA:15,7
DA:21,1
DA:22,1
LF:11
LH:11
BRDA:9,0,0,1
BRDA:9,0,1,0
BRDA:9,1,0,1
BRDA:9,1,1,1
BRF:4
BRH:3
end_of_record
TN:
SF:src\dashboard\dashboard.service.ts
FN:12,(anonymous_4)
FN:25,(anonymous_5)
FN:160,(anonymous_6)
FN:180,(anonymous_7)
FN:186,(anonymous_8)
FN:192,(anonymous_9)
FN:201,(anonymous_10)
FNF:7
FNH:7
FNDA:29,(anonymous_4)
FNDA:28,(anonymous_5)
FNDA:1,(anonymous_6)
FNDA:1,(anonymous_7)
FNDA:1,(anonymous_8)
FNDA:1,(anonymous_9)
FNDA:2,(anonymous_10)
DA:1,2
DA:2,2
DA:3,2
DA:4,2
DA:5,2
DA:6,2
DA:7,2
DA:8,2
DA:11,2
DA:14,29
DA:16,29
DA:18,29
DA:20,29
DA:22,29
DA:27,28
DA:30,27
DA:33,26
DA:41,25
DA:44,25
DA:84,25
DA:85,24
DA:86,23
DA:89,23
DA:99,22
DA:104,22
DA:114,21
DA:120,21
DA:127,21
DA:130,21
DA:133,21
DA:136,21
DA:139,21
DA:142,21
DA:144,21
DA:161,1
DA:167,1
DA:173,1
DA:179,1
DA:180,1
DA:186,1
DA:192,1
DA:200,1
DA:201,2
LF:43
LH:43
BRDA:41,0,0,3
BRDA:41,0,1,22
BRDA:99,1,0,8
BRDA:99,1,1,14
BRDA:99,2,0,22
BRDA:99,2,1,10
BRDA:114,3,0,8
BRDA:114,3,1,13
BRDA:114,4,0,21
BRDA:114,4,1,10
BRDA:120,5,0,12
BRDA:120,5,1,9
BRDA:182,6,0,1
BRDA:182,6,1,0
BRDA:14,7,0,2
BRDA:14,7,1,0
BRDA:14,8,0,2
BRDA:14,8,1,2
BRDA:14,9,0,2
BRDA:14,9,1,0
BRDA:14,10,0,2
BRDA:14,10,1,2
BRDA:16,11,0,2
BRDA:16,11,1,0
BRDA:16,12,0,2
BRDA:16,12,1,2
BRDA:18,13,0,2
BRDA:18,13,1,0
BRDA:18,14,0,2
BRDA:18,14,1,2
BRDA:20,15,0,2
BRDA:20,15,1,0
BRDA:20,16,0,2
BRDA:20,16,1,2
BRF:34
BRH:28
end_of_record
TN:
SF:src\feedback\feedback.controller.ts
FN:8,(anonymous_4)
FN:12,(anonymous_5)
FN:26,(anonymous_6)
FN:35,(anonymous_7)
FN:51,(anonymous_8)
FN:57,(anonymous_9)
FN:62,(anonymous_10)
FN:70,(anonymous_11)
FN:77,(anonymous_12)
FN:84,(anonymous_13)
FN:109,(anonymous_14)
FN:122,(anonymous_15)
FN:139,(anonymous_16)
FN:145,(anonymous_17)
FN:153,(anonymous_18)
FN:163,(anonymous_19)
FN:174,(anonymous_20)
FN:185,(anonymous_21)
FNF:18
FNH:0
FNDA:0,(anonymous_4)
FNDA:0,(anonymous_5)
FNDA:0,(anonymous_6)
FNDA:0,(anonymous_7)
FNDA:0,(anonymous_8)
FNDA:0,(anonymous_9)
FNDA:0,(anonymous_10)
FNDA:0,(anonymous_11)
FNDA:0,(anonymous_12)
FNDA:0,(anonymous_13)
FNDA:0,(anonymous_14)
FNDA:0,(anonymous_15)
FNDA:0,(anonymous_16)
FNDA:0,(anonymous_17)
FNDA:0,(anonymous_18)
FNDA:0,(anonymous_19)
FNDA:0,(anonymous_20)
FNDA:0,(anonymous_21)
DA:1,0
DA:2,0
DA:3,0
DA:4,0
DA:5,0
DA:7,0
DA:8,0
DA:12,0
DA:17,0
DA:19,0
DA:26,0
DA:27,0
DA:35,0
DA:40,0
DA:42,0
DA:51,0
DA:52,0
DA:57,0
DA:58,0
DA:62,0
DA:63,0
DA:70,0
DA:71,0
DA:77,0
DA:78,0
DA:84,0
DA:90,0
DA:93,0
DA:94,0
DA:97,0
DA:109,0
DA:112,0
DA:122,0
DA:127,0
DA:129,0
DA:139,0
DA:140,0
DA:145,0
DA:146,0
DA:153,0
DA:154,0
DA:163,0
DA:165,0
DA:166,0
DA:174,0
DA:175,0
DA:176,0
DA:177,0
DA:179,0
DA:185,0
DA:186,0
DA:187,0
DA:188,0
DA:190,0
LF:54
LH:0
BRDA:93,0,0,0
BRDA:93,0,1,0
BRDA:165,1,0,0
BRDA:165,1,1,0
BRDA:176,2,0,0
BRDA:176,2,1,0
BRDA:187,3,0,0
BRDA:187,3,1,0
BRDA:8,4,0,0
BRDA:8,4,1,0
BRDA:8,5,0,0
BRDA:8,5,1,0
BRF:12
BRH:0
end_of_record
TN:
SF:src\feedback\feedback.service.ts
FN:13,(anonymous_4)
FN:21,(anonymous_5)
FN:43,(anonymous_6)
FN:55,(anonymous_7)
FN:82,(anonymous_8)
FN:98,(anonymous_9)
FN:104,(anonymous_10)
FN:125,(anonymous_11)
FN:133,(anonymous_12)
FN:134,(anonymous_13)
FN:150,(anonymous_14)
FN:196,(anonymous_16)
FN:207,(anonymous_17)
FN:229,(anonymous_18)
FN:256,(anonymous_19)
FN:272,(anonymous_20)
FN:286,(anonymous_21)
FN:301,(anonymous_22)
FN:315,(anonymous_23)
FN:325,(anonymous_24)
FN:340,(anonymous_25)
FNF:21
FNH:0
FNDA:0,(anonymous_4)
FNDA:0,(anonymous_5)
FNDA:0,(anonymous_6)
FNDA:0,(anonymous_7)
FNDA:0,(anonymous_8)
FNDA:0,(anonymous_9)
FNDA:0,(anonymous_10)
FNDA:0,(anonymous_11)
FNDA:0,(anonymous_12)
FNDA:0,(anonymous_13)
FNDA:0,(anonymous_14)
FNDA:0,(anonymous_16)
FNDA:0,(anonymous_17)
FNDA:0,(anonymous_18)
FNDA:0,(anonymous_19)
FNDA:0,(anonymous_20)
FNDA:0,(anonymous_21)
FNDA:0,(anonymous_22)
FNDA:0,(anonymous_23)
FNDA:0,(anonymous_24)
FNDA:0,(anonymous_25)
DA:1,0
DA:2,0
DA:3,0
DA:4,0
DA:5,0
DA:9,0
DA:12,0
DA:14,0
DA:15,0
DA:22,0
DA:33,0
DA:36,0
DA:44,0
DA:61,0
DA:72,0
DA:73,0
DA:76,0
DA:83,0
DA:93,0
DA:99,0
DA:106,0
DA:113,0
DA:126,0
DA:134,0
DA:135,0
DA:136,0
DA:151,0
DA:177,0
DA:189,0
DA:198,0
DA:207,0
DA:208,0
DA:209,0
DA:211,0
DA:235,0
DA:246,0
DA:247,0
DA:250,0
DA:257,0
DA:268,0
DA:273,0
DA:275,0
DA:287,0
DA:294,0
DA:302,0
DA:315,0
DA:326,0
DA:327,0
DA:330,0
DA:332,0
DA:333,0
DA:336,0
DA:341,0
DA:342,0
LF:54
LH:0
BRDA:72,0,0,0
BRDA:72,0,1,0
BRDA:93,1,0,0
BRDA:93,1,1,0
BRDA:137,2,0,0
BRDA:137,2,1,0
BRDA:209,3,0,0
BRDA:209,3,1,0
BRDA:216,4,0,0
BRDA:216,4,1,0
BRDA:217,5,0,0
BRDA:217,5,1,0
BRDA:218,6,0,0
BRDA:218,6,1,0
BRDA:246,7,0,0
BRDA:246,7,1,0
BRDA:268,8,0,0
BRDA:268,8,1,0
BRDA:301,9,0,0
BRDA:326,10,0,0
BRDA:326,10,1,0
BRDA:332,11,0,0
BRDA:332,11,1,0
BRDA:14,12,0,0
BRDA:14,12,1,0
BRDA:14,13,0,0
BRDA:14,13,1,0
BRDA:14,14,0,0
BRDA:14,14,1,0
BRDA:14,15,0,0
BRDA:14,15,1,0
BRF:31
BRH:0
end_of_record
TN:
SF:src\feedback\schemas\menu-item-feedback.schema.ts
FN:22,(anonymous_2)
FNF:1
FNH:0
FNDA:0,(anonymous_2)
DA:1,2
DA:2,2
DA:7,2
DA:10,2
DA:14,2
DA:17,2
DA:20,2
DA:22,0
DA:23,2
DA:26,2
DA:29,2
DA:34,2
DA:42,2
DA:45,2
LF:14
LH:13
BRDA:10,0,0,2
BRDA:10,0,1,0
BRDA:10,1,0,2
BRDA:10,1,1,2
BRDA:14,2,0,2
BRDA:14,2,1,0
BRDA:14,3,0,2
BRDA:14,3,1,2
BRDA:23,4,0,2
BRDA:23,4,1,0
BRDA:23,5,0,2
BRDA:23,5,1,2
BRDA:29,6,0,2
BRDA:29,6,1,0
BRDA:29,7,0,2
BRDA:29,7,1,2
BRDA:34,8,0,2
BRDA:34,8,1,0
BRDA:34,9,0,2
BRDA:34,9,1,2
BRF:20
BRH:15
end_of_record
TN:
SF:src\feedback\schemas\restaurant-feedback.schema.ts
FN:17,(anonymous_2)
FNF:1
FNH:0
FNDA:0,(anonymous_2)
DA:1,2
DA:2,2
DA:7,2
DA:9,2
DA:12,2
DA:15,2
DA:17,0
DA:18,2
DA:21,2
DA:25,2
DA:28,2
DA:35,2
DA:38,2
LF:13
LH:12
BRDA:9,0,0,2
BRDA:9,0,1,0
BRDA:9,1,0,2
BRDA:9,1,1,2
BRDA:18,2,0,2
BRDA:18,2,1,0
BRDA:18,3,0,2
BRDA:18,3,1,2
BRDA:21,4,0,2
BRDA:21,4,1,0
BRDA:21,5,0,2
BRDA:21,5,1,2
BRDA:28,6,0,2
BRDA:28,6,1,0
BRDA:28,7,0,2
BRDA:28,7,1,2
BRF:16
BRH:12
end_of_record
TN:
SF:src\menu-order\Order.controller.ts
FN:16,(anonymous_4)
FN:20,(anonymous_5)
FN:26,(anonymous_6)
FN:32,(anonymous_7)
FN:38,(anonymous_8)
FN:44,(anonymous_9)
FN:50,(anonymous_10)
FNF:7
FNH:0
FNDA:0,(anonymous_4)
FNDA:0,(anonymous_5)
FNDA:0,(anonymous_6)
FNDA:0,(anonymous_7)
FNDA:0,(anonymous_8)
FNDA:0,(anonymous_9)
FNDA:0,(anonymous_10)
DA:1,0
DA:10,0
DA:11,0
DA:12,0
DA:15,0
DA:16,0
DA:20,0
DA:21,0
DA:26,0
DA:27,0
DA:32,0
DA:33,0
DA:38,0
DA:39,0
DA:44,0
DA:45,0
DA:50,0
DA:51,0
LF:18
LH:0
BRDA:20,0,0,0
BRDA:20,0,1,0
BRDA:20,1,0,0
BRDA:20,1,1,0
BRDA:38,2,0,0
BRDA:38,2,1,0
BRDA:38,3,0,0
BRDA:38,3,1,0
BRDA:16,4,0,0
BRDA:16,4,1,0
BRDA:16,5,0,0
BRDA:16,5,1,0
BRF:12
BRH:0
end_of_record
TN:
SF:src\menu-order\Order.service.ts
FN:15,(anonymous_4)
FN:21,(anonymous_5)
FN:51,(anonymous_6)
FN:60,(anonymous_7)
FN:72,(anonymous_8)
FN:84,(anonymous_9)
FN:96,(anonymous_10)
FNF:7
FNH:0
FNDA:0,(anonymous_4)
FNDA:0,(anonymous_5)
FNDA:0,(anonymous_6)
FNDA:0,(anonymous_7)
FNDA:0,(anonymous_8)
FNDA:0,(anonymous_9)
FNDA:0,(anonymous_10)
DA:1,0
DA:6,0
DA:7,0
DA:8,0
DA:11,0
DA:14,0
DA:16,0
DA:17,0
DA:23,0
DA:24,0
DA:28,0
DA:30,0
DA:31,0
DA:33,0
DA:34,0
DA:39,0
DA:42,0
DA:47,0
DA:52,0
DA:61,0
DA:67,0
DA:68,0
DA:73,0
DA:79,0
DA:80,0
DA:85,0
DA:91,0
DA:92,0
DA:97,0
DA:98,0
DA:100,0
LF:31
LH:0
BRDA:23,0,0,0
BRDA:23,0,1,0
BRDA:33,1,0,0
BRDA:33,1,1,0
BRDA:67,2,0,0
BRDA:67,2,1,0
BRDA:79,3,0,0
BRDA:79,3,1,0
BRDA:91,4,0,0
BRDA:91,4,1,0
BRDA:98,5,0,0
BRDA:98,5,1,0
BRDA:16,6,0,0
BRDA:16,6,1,0
BRDA:16,7,0,0
BRDA:16,7,1,0
BRDA:16,8,0,0
BRDA:16,8,1,0
BRDA:16,9,0,0
BRDA:16,9,1,0
BRF:20
BRH:0
end_of_record
TN:
SF:src\menu-order\menu.controller.ts
FN:17,(anonymous_4)
FN:20,(anonymous_5)
FN:24,(anonymous_6)
FN:29,(anonymous_7)
FN:34,(anonymous_8)
FN:39,(anonymous_9)
FN:47,(anonymous_10)
FN:54,(anonymous_11)
FN:62,(anonymous_12)
FN:67,(anonymous_13)
FNF:10
FNH:0
FNDA:0,(anonymous_4)
FNDA:0,(anonymous_5)
FNDA:0,(anonymous_6)
FNDA:0,(anonymous_7)
FNDA:0,(anonymous_8)
FNDA:0,(anonymous_9)
FNDA:0,(anonymous_10)
FNDA:0,(anonymous_11)
FNDA:0,(anonymous_12)
FNDA:0,(anonymous_13)
DA:1,1
DA:10,1
DA:13,1
DA:16,1
DA:17,0
DA:20,1
DA:21,0
DA:24,1
DA:25,0
DA:29,1
DA:30,0
DA:34,1
DA:35,0
DA:39,1
DA:43,0
DA:47,1
DA:51,0
DA:54,1
DA:58,0
DA:62,1
DA:63,0
DA:67,1
DA:72,0
LF:23
LH:13
BRDA:20,0,0,1
BRDA:20,0,1,0
BRDA:20,1,0,1
BRDA:20,1,1,1
BRDA:24,2,0,1
BRDA:24,2,1,0
BRDA:24,3,0,1
BRDA:24,3,1,1
BRDA:29,4,0,1
BRDA:29,4,1,0
BRDA:29,5,0,1
BRDA:29,5,1,1
BRDA:34,6,0,1
BRDA:34,6,1,0
BRDA:34,7,0,1
BRDA:34,7,1,1
BRDA:41,8,0,1
BRDA:41,8,1,0
BRDA:41,9,0,1
BRDA:41,9,1,1
BRDA:42,10,0,1
BRDA:42,10,1,0
BRDA:42,11,0,1
BRDA:42,11,1,1
BRDA:50,12,0,1
BRDA:50,12,1,0
BRDA:50,13,0,1
BRDA:50,13,1,1
BRDA:57,14,0,1
BRDA:57,14,1,0
BRDA:57,15,0,1
BRDA:57,15,1,1
BRDA:62,16,0,1
BRDA:62,16,1,0
BRDA:62,17,0,1
BRDA:62,17,1,1
BRDA:70,18,0,1
BRDA:70,18,1,0
BRDA:70,19,0,1
BRDA:70,19,1,1
BRDA:71,20,0,1
BRDA:71,20,1,0
BRDA:71,21,0,1
BRDA:71,21,1,1
BRDA:17,22,0,1
BRDA:17,22,1,0
BRDA:17,23,0,1
BRDA:17,23,1,1
BRF:48
BRH:36
end_of_record
TN:
SF:src\menu-order\menu.service.ts
FN:14,(anonymous_4)
FN:20,(anonymous_5)
FN:29,(anonymous_6)
FN:34,(anonymous_7)
FN:43,(anonymous_8)
FN:76,(anonymous_9)
FN:95,(anonymous_10)
FN:125,(anonymous_11)
FN:135,(anonymous_12)
FN:145,(anonymous_13)
FNF:10
FNH:0
FNDA:0,(anonymous_4)
FNDA:0,(anonymous_5)
FNDA:0,(anonymous_6)
FNDA:0,(anonymous_7)
FNDA:0,(anonymous_8)
FNDA:0,(anonymous_9)
FNDA:0,(anonymous_10)
FNDA:0,(anonymous_11)
FNDA:0,(anonymous_12)
FNDA:0,(anonymous_13)
DA:1,2
DA:6,2
DA:7,2
DA:8,2
DA:9,2
DA:13,2
DA:15,0
DA:16,0
DA:21,0
DA:22,0
DA:24,0
DA:25,0
DA:30,0
DA:35,0
DA:36,0
DA:37,0
DA:40,0
DA:45,0
DA:46,0
DA:47,0
DA:51,0
DA:52,0
DA:53,0
DA:57,0
DA:68,0
DA:69,0
DA:72,0
DA:77,0
DA:78,0
DA:80,0
DA:88,0
DA:89,0
DA:91,0
DA:96,0
DA:97,0
DA:100,0
DA:103,0
DA:104,0
DA:110,0
DA:119,0
DA:121,0
DA:126,0
DA:127,0
DA:128,0
DA:130,0
DA:131,0
DA:137,0
DA:138,0
DA:139,0
DA:141,0
DA:142,0
DA:149,0
DA:150,0
DA:151,0
DA:153,0
DA:154,0
DA:155,0
DA:156,0
DA:157,0
DA:158,0
DA:159,0
LF:61
LH:6
BRDA:21,0,0,0
BRDA:21,0,1,0
BRDA:36,1,0,0
BRDA:36,1,1,0
BRDA:46,2,0,0
BRDA:46,2,1,0
BRDA:52,3,0,0
BRDA:52,3,1,0
BRDA:68,4,0,0
BRDA:68,4,1,0
BRDA:77,5,0,0
BRDA:77,5,1,0
BRDA:88,6,0,0
BRDA:88,6,1,0
BRDA:96,7,0,0
BRDA:96,7,1,0
BRDA:96,8,0,0
BRDA:96,8,1,0
BRDA:96,8,2,0
BRDA:96,8,3,0
BRDA:103,9,0,0
BRDA:103,9,1,0
BRDA:115,10,0,0
BRDA:115,10,1,0
BRDA:127,11,0,0
BRDA:127,11,1,0
BRDA:138,12,0,0
BRDA:138,12,1,0
BRDA:150,13,0,0
BRDA:150,13,1,0
BRDA:153,14,0,0
BRDA:153,14,1,0
BRDA:154,15,0,0
BRDA:154,15,1,0
BRDA:155,16,0,0
BRDA:155,16,1,0
BRDA:156,17,0,0
BRDA:156,17,1,0
BRDA:157,18,0,0
BRDA:157,18,1,0
BRDA:158,19,0,0
BRDA:158,19,1,0
BRDA:15,20,0,2
BRDA:15,20,1,0
BRDA:15,21,0,2
BRDA:15,21,1,2
BRDA:15,22,0,2
BRDA:15,22,1,0
BRDA:15,23,0,2
BRDA:15,23,1,2
BRF:50
BRH:6
end_of_record
TN:
SF:src\menu-order\DTO\CreateMenuItem.dto.ts
FNF:0
FNH:0
DA:1,1
DA:3,1
DA:5,1
DA:9,1
DA:12,1
DA:15,1
DA:18,1
DA:22,1
LF:8
LH:8
BRF:0
BRH:0
end_of_record
TN:
SF:src\menu-order\DTO\CreateOrder.dto.ts
FN:38,(anonymous_2)
FNF:1
FNH:0
FNDA:0,(anonymous_2)
DA:1,0
DA:12,0
DA:14,0
DA:17,0
DA:21,0
DA:24,0
DA:27,0
DA:30,0
DA:34,0
DA:38,0
DA:39,0
DA:43,0
DA:47,0
LF:13
LH:0
BRF:0
BRH:0
end_of_record
TN:
SF:src\menu-order\DTO\UpdateOrder.dto.ts
FNF:0
FNH:0
DA:1,0
DA:3,0
DA:6,0
LF:3
LH:0
BRF:0
BRH:0
end_of_record
TN:
SF:src\menu-order\models\Menu.schema.ts
FNF:0
FNH:0
DA:1,2
DA:3,2
DA:8,2
DA:10,2
DA:13,2
DA:16,2
LF:6
LH:6
BRF:0
BRH:0
end_of_record
TN:
SF:src\menu-order\models\MenuItem.schema.ts
FNF:0
FNH:0
DA:1,4
DA:2,4
DA:5,4
DA:7,4
DA:10,4
DA:13,4
DA:16,4
DA:19,4
DA:22,4
DA:25,4
LF:10
LH:10
BRF:0
BRH:0
end_of_record
TN:
SF:src\menu-order\models\Order.schema.ts
FNF:0
FNH:0
DA:1,2
DA:2,2
DA:5,2
DA:7,2
DA:10,2
DA:13,2
DA:21,2
DA:27,2
DA:33,2
DA:36,2
DA:39,2
LF:11
LH:11
BRF:0
BRH:0
end_of_record
TN:
SF:src\reservations\reservations.controller.ts
FN:23,(anonymous_4)
FN:27,(anonymous_5)
FN:35,(anonymous_6)
FN:45,(anonymous_7)
FN:53,(anonymous_8)
FN:59,(anonymous_9)
FN:67,(anonymous_10)
FN:78,(anonymous_11)
FN:88,(anonymous_12)
FNF:9
FNH:0
FNDA:0,(anonymous_4)
FNDA:0,(anonymous_5)
FNDA:0,(anonymous_6)
FNDA:0,(anonymous_7)
FNDA:0,(anonymous_8)
FNDA:0,(anonymous_9)
FNDA:0,(anonymous_10)
FNDA:0,(anonymous_11)
FNDA:0,(anonymous_12)
DA:1,0
DA:13,0
DA:14,0
DA:15,0
DA:16,0
DA:17,0
DA:18,0
DA:19,0
DA:22,0
DA:23,0
DA:27,0
DA:31,0
DA:35,0
DA:39,0
DA:45,0
DA:46,0
DA:53,0
DA:54,0
DA:59,0
DA:61,0
DA:62,0
DA:67,0
DA:73,0
DA:74,0
DA:78,0
DA:83,0
DA:88,0
DA:90,0
DA:91,0
LF:29
LH:0
BRDA:61,0,0,0
BRDA:61,0,1,0
BRDA:73,1,0,0
BRDA:73,1,1,0
BRDA:90,2,0,0
BRDA:90,2,1,0
BRDA:28,3,0,0
BRDA:28,3,1,0
BRDA:28,4,0,0
BRDA:28,4,1,0
BRDA:69,5,0,0
BRDA:69,5,1,0
BRDA:69,6,0,0
BRDA:69,6,1,0
BRDA:23,7,0,0
BRDA:23,7,1,0
BRDA:23,8,0,0
BRDA:23,8,1,0
BRF:18
BRH:0
end_of_record
TN:
SF:src\reservations\reservations.service.ts
FN:15,(anonymous_4)
FN:20,(anonymous_5)
FN:36,(anonymous_6)
FN:39,(anonymous_7)
FN:40,(anonymous_8)
FN:52,(anonymous_9)
FN:58,(anonymous_10)
FN:59,(anonymous_11)
FN:61,(anonymous_12)
FN:64,(anonymous_13)
FN:68,(anonymous_14)
FN:82,(anonymous_15)
FN:96,(anonymous_16)
FN:104,(anonymous_17)
FN:105,(anonymous_18)
FN:107,(anonymous_19)
FN:110,(anonymous_20)
FN:127,(anonymous_21)
FNF:18
FNH:0
FNDA:0,(anonymous_4)
FNDA:0,(anonymous_5)
FNDA:0,(anonymous_6)
FNDA:0,(anonymous_7)
FNDA:0,(anonymous_8)
FNDA:0,(anonymous_9)
FNDA:0,(anonymous_10)
FNDA:0,(anonymous_11)
FNDA:0,(anonymous_12)
FNDA:0,(anonymous_13)
FNDA:0,(anonymous_14)
FNDA:0,(anonymous_15)
FNDA:0,(anonymous_16)
FNDA:0,(anonymous_17)
FNDA:0,(anonymous_18)
FNDA:0,(anonymous_19)
FNDA:0,(anonymous_20)
FNDA:0,(anonymous_21)
DA:1,0
DA:7,0
DA:8,0
DA:9,0
DA:14,0
DA:17,0
DA:22,0
DA:23,0
DA:24,0
DA:26,0
DA:27,0
DA:31,0
DA:36,0
DA:39,0
DA:40,0
DA:42,0
DA:45,0
DA:53,0
DA:58,0
DA:59,0
DA:61,0
DA:65,0
DA:69,0
DA:71,0
DA:72,0
DA:76,0
DA:77,0
DA:80,0
DA:83,0
DA:85,0
DA:86,0
DA:90,0
DA:91,0
DA:94,0
DA:98,0
DA:104,0
DA:105,0
DA:107,0
DA:111,0
DA:113,0
DA:114,0
DA:118,0
DA:119,0
DA:123,0
DA:128,0
LF:45
LH:0
BRDA:26,0,0,0
BRDA:26,0,1,0
BRDA:42,1,0,0
BRDA:42,1,1,0
BRDA:71,2,0,0
BRDA:71,2,1,0
BRDA:76,3,0,0
BRDA:76,3,1,0
BRDA:76,4,0,0
BRDA:76,4,1,0
BRDA:85,5,0,0
BRDA:85,5,1,0
BRDA:90,6,0,0
BRDA:90,6,1,0
BRDA:90,7,0,0
BRDA:90,7,1,0
BRDA:113,8,0,0
BRDA:113,8,1,0
BRDA:118,9,0,0
BRDA:118,9,1,0
BRDA:118,10,0,0
BRDA:118,10,1,0
BRDA:17,11,0,0
BRDA:17,11,1,0
BRDA:17,12,0,0
BRDA:17,12,1,0
BRF:26
BRH:0
end_of_record
TN:
SF:src\reservations\DTO\create-reservation.dto.ts
FNF:0
FNH:0
DA:1,0
DA:3,0
DA:5,0
DA:9,0
DA:13,0
DA:18,0
LF:6
LH:0
BRF:0
BRH:0
end_of_record
TN:
SF:src\reservations\DTO\update-reservation.dto.ts
FNF:0
FNH:0
DA:1,0
DA:2,0
DA:4,0
LF:3
LH:0
BRF:0
BRH:0
end_of_record
TN:
SF:src\reservations\models\reservation.schema.ts
FNF:0
FNH:0
DA:1,2
DA:2,2
DA:7,2
DA:9,2
DA:12,2
DA:15,2
DA:18,2
DA:23,2
DA:27,2
DA:32,2
LF:10
LH:10
BRF:0
BRH:0
end_of_record
